[I 2025-03-07 21:35:02,955] Trial 122 pruned. 
[I 2025-03-07 21:35:13,417] Trial 123 pruned. 
[I 2025-03-07 21:35:19,529] Trial 124 pruned. 
[I 2025-03-07 21:35:25,781] Trial 125 pruned. 
[I 2025-03-07 21:35:36,373] Trial 126 pruned. 
[I 2025-03-07 21:49:57,762] Trial 127 finished with value: 0.9999960575784955 and parameters: {'num_shared_layers': 4, 'hidden_dim': 2048, 'output_dim': 512, 'max_output_len': 32, 'dropout_rate': 0.27210800086057507, 'lr': 0.0027390330650826473, 'weight_decay': 0.004808205772062484, 'batch_size': 256, 'w_levelset': 0.6838105933060404, 'w_separation': 0.033609411147062854, 'threshold_factor': 0.1702184542010213}. Best is trial 2 with value: 0.9998143741062709.
[I 2025-03-07 21:50:03,919] Trial 128 pruned. 
[I 2025-03-07 21:50:10,179] Trial 129 pruned. 
[I 2025-03-07 21:50:20,764] Trial 130 pruned. 
[I 2025-03-07 21:50:31,146] Trial 131 pruned. 
[I 2025-03-07 21:50:41,577] Trial 132 pruned. 
[I 2025-03-07 21:50:47,621] Trial 133 pruned. 
[I 2025-03-07 21:50:53,918] Trial 134 pruned. 
[I 2025-03-07 21:51:04,244] Trial 135 pruned. 
[I 2025-03-07 21:51:14,721] Trial 136 pruned. 
[I 2025-03-07 21:51:20,941] Trial 137 pruned. 
[I 2025-03-07 21:51:27,246] Trial 138 pruned. 
[I 2025-03-07 21:51:33,491] Trial 139 pruned. 
[I 2025-03-07 21:51:39,734] Trial 140 pruned. 
[I 2025-03-07 21:51:45,915] Trial 141 pruned. 
[I 2025-03-07 21:51:56,181] Trial 142 pruned. 
[I 2025-03-07 21:52:02,394] Trial 143 pruned. 
[I 2025-03-07 21:52:08,721] Trial 144 pruned. 
[I 2025-03-07 21:52:14,836] Trial 145 pruned. 
[I 2025-03-07 21:52:21,102] Trial 146 pruned. 
[I 2025-03-07 21:52:31,781] Trial 147 pruned. 
[I 2025-03-07 21:52:37,910] Trial 148 pruned. 
[I 2025-03-07 21:52:44,188] Trial 149 pruned. 
