Lmod: loading gcc 8.5.0 
Lmod: loading cuda 11.8 
Fri Mar  7 16:02:47 2025       
+-----------------------------------------------------------------------------------------+
| NVIDIA-SMI 555.42.02              Driver Version: 555.42.02      CUDA Version: 12.5     |
|-----------------------------------------+------------------------+----------------------+
| GPU  Name                 Persistence-M | Bus-Id          Disp.A | Volatile Uncorr. ECC |
| Fan  Temp   Perf          Pwr:Usage/Cap |           Memory-Usage | GPU-Util  Compute M. |
|                                         |                        |               MIG M. |
|=========================================+========================+======================|
|   0  NVIDIA A100-SXM4-40GB          On  |   00000000:0F:00.0 Off |                    0 |
| N/A   27C    P0             54W /  400W |       1MiB /  40960MiB |      0%      Default |
|                                         |                        |             Disabled |
+-----------------------------------------+------------------------+----------------------+
                                                                                         
+-----------------------------------------------------------------------------------------+
| Processes:                                                                              |
|  GPU   GI   CI        PID   Type   Process name                              GPU Memory |
|        ID   ID                                                               Usage      |
|=========================================================================================|
|  No running processes found                                                             |
+-----------------------------------------------------------------------------------------+
[I 2025-03-07 16:03:01,979] A new study created in memory with name: no-name-1502566c-29e7-4352-a960-4e7e3aac5dec
/work/home/ng66sume/MasterThesis/Scripts/FNN_V5.1/master_hyperparameter.py:198: FutureWarning: suggest_uniform has been deprecated in v3.0.0. This feature will be removed in v6.0.0. See https://github.com/optuna/optuna/releases/tag/v3.0.0. Use suggest_float instead.
  dropout_rate = trial.suggest_uniform("dropout_rate", 0.0, 0.5)
/work/home/ng66sume/MasterThesis/Scripts/FNN_V5.1/master_hyperparameter.py:199: FutureWarning: suggest_loguniform has been deprecated in v3.0.0. This feature will be removed in v6.0.0. See https://github.com/optuna/optuna/releases/tag/v3.0.0. Use suggest_float(..., log=True) instead.
  learning_rate = trial.suggest_loguniform("lr", 1e-5, 1e-2)
/work/home/ng66sume/MasterThesis/Scripts/FNN_V5.1/master_hyperparameter.py:200: FutureWarning: suggest_loguniform has been deprecated in v3.0.0. This feature will be removed in v6.0.0. See https://github.com/optuna/optuna/releases/tag/v3.0.0. Use suggest_float(..., log=True) instead.
  weight_decay = trial.suggest_loguniform("weight_decay", 1e-6, 1e-2)
/work/home/ng66sume/MasterThesis/Scripts/FNN_V5.1/master_hyperparameter.py:204: FutureWarning: suggest_uniform has been deprecated in v3.0.0. This feature will be removed in v6.0.0. See https://github.com/optuna/optuna/releases/tag/v3.0.0. Use suggest_float instead.
  w_levelset = trial.suggest_uniform("w_levelset", 0, 1.0)
/work/home/ng66sume/MasterThesis/Scripts/FNN_V5.1/master_hyperparameter.py:205: FutureWarning: suggest_uniform has been deprecated in v3.0.0. This feature will be removed in v6.0.0. See https://github.com/optuna/optuna/releases/tag/v3.0.0. Use suggest_float instead.
  w_separation = trial.suggest_uniform("w_separation", 0, 1.0)
/work/home/ng66sume/MasterThesis/Scripts/FNN_V5.1/master_hyperparameter.py:206: FutureWarning: suggest_uniform has been deprecated in v3.0.0. This feature will be removed in v6.0.0. See https://github.com/optuna/optuna/releases/tag/v3.0.0. Use suggest_float instead.
  threshold_factor = trial.suggest_uniform("threshold_factor", 0, 0.2)
/work/home/ng66sume/MasterThesis/Scripts/FNN_V5.1/multidataloader_fnn.py:38: FutureWarning: You are using `torch.load` with `weights_only=False` (the current default value), which uses the default pickle module implicitly. It is possible to construct malicious pickle data which will execute arbitrary code during unpickling (See https://github.com/pytorch/pytorch/blob/main/SECURITY.md#untrusted-models for more details). In a future release, the default value for `weights_only` will be flipped to `True`. This limits the functions that could be executed during unpickling. Arbitrary objects will no longer be allowed to be loaded via this mode unless they are explicitly allowlisted by the user via `torch.serialization.add_safe_globals`. We recommend you start setting `weights_only=True` for any use case where you don't have full control of the loaded file. Please open an issue on GitHub for any issues related to this experimental feature.
  chunk_data = torch.load(chunk_file)
/home/ng66sume/miniconda3/envs/env3/lib/python3.9/site-packages/torch/optim/lr_scheduler.py:62: UserWarning: The verbose parameter is deprecated. Please use get_last_lr() to access the learning rate.
  warnings.warn(
[I 2025-03-07 16:17:11,763] Trial 0 finished with value: 1.0000211255890983 and parameters: {'num_shared_layers': 8, 'hidden_dim': 2048, 'output_dim': 256, 'max_output_len': 32, 'dropout_rate': 0.3691817452818951, 'lr': 4.552292048946765e-05, 'weight_decay': 2.700436286765346e-05, 'batch_size': 256, 'w_levelset': 0.8525949939085873, 'w_separation': 0.44795958825633964, 'threshold_factor': 0.167030780568585}. Best is trial 0 with value: 1.0000211255890983.
/work/home/ng66sume/MasterThesis/Scripts/FNN_V5.1/master_hyperparameter.py:198: FutureWarning: suggest_uniform has been deprecated in v3.0.0. This feature will be removed in v6.0.0. See https://github.com/optuna/optuna/releases/tag/v3.0.0. Use suggest_float instead.
  dropout_rate = trial.suggest_uniform("dropout_rate", 0.0, 0.5)
/work/home/ng66sume/MasterThesis/Scripts/FNN_V5.1/master_hyperparameter.py:199: FutureWarning: suggest_loguniform has been deprecated in v3.0.0. This feature will be removed in v6.0.0. See https://github.com/optuna/optuna/releases/tag/v3.0.0. Use suggest_float(..., log=True) instead.
  learning_rate = trial.suggest_loguniform("lr", 1e-5, 1e-2)
/work/home/ng66sume/MasterThesis/Scripts/FNN_V5.1/master_hyperparameter.py:200: FutureWarning: suggest_loguniform has been deprecated in v3.0.0. This feature will be removed in v6.0.0. See https://github.com/optuna/optuna/releases/tag/v3.0.0. Use suggest_float(..., log=True) instead.
  weight_decay = trial.suggest_loguniform("weight_decay", 1e-6, 1e-2)
/work/home/ng66sume/MasterThesis/Scripts/FNN_V5.1/master_hyperparameter.py:204: FutureWarning: suggest_uniform has been deprecated in v3.0.0. This feature will be removed in v6.0.0. See https://github.com/optuna/optuna/releases/tag/v3.0.0. Use suggest_float instead.
  w_levelset = trial.suggest_uniform("w_levelset", 0, 1.0)
/work/home/ng66sume/MasterThesis/Scripts/FNN_V5.1/master_hyperparameter.py:205: FutureWarning: suggest_uniform has been deprecated in v3.0.0. This feature will be removed in v6.0.0. See https://github.com/optuna/optuna/releases/tag/v3.0.0. Use suggest_float instead.
  w_separation = trial.suggest_uniform("w_separation", 0, 1.0)
/work/home/ng66sume/MasterThesis/Scripts/FNN_V5.1/master_hyperparameter.py:206: FutureWarning: suggest_uniform has been deprecated in v3.0.0. This feature will be removed in v6.0.0. See https://github.com/optuna/optuna/releases/tag/v3.0.0. Use suggest_float instead.
  threshold_factor = trial.suggest_uniform("threshold_factor", 0, 0.2)
[I 2025-03-07 16:31:10,658] Trial 1 finished with value: 0.999991272177015 and parameters: {'num_shared_layers': 4, 'hidden_dim': 512, 'output_dim': 512, 'max_output_len': 32, 'dropout_rate': 0.2580866963978467, 'lr': 0.002104553476052809, 'weight_decay': 0.0034074195123075844, 'batch_size': 256, 'w_levelset': 0.16569211403760176, 'w_separation': 0.5109843881506478, 'threshold_factor': 0.07394020344450646}. Best is trial 1 with value: 0.999991272177015.
[I 2025-03-07 16:45:15,460] Trial 2 finished with value: 0.9998143741062709 and parameters: {'num_shared_layers': 3, 'hidden_dim': 128, 'output_dim': 512, 'max_output_len': 16, 'dropout_rate': 0.2448394689352495, 'lr': 0.0002839962054995071, 'weight_decay': 0.00039428565358479194, 'batch_size': 256, 'w_levelset': 0.8411007478017891, 'w_separation': 0.19337129753164484, 'threshold_factor': 0.14401011961409269}. Best is trial 2 with value: 0.9998143741062709.
[I 2025-03-07 16:59:30,924] Trial 3 finished with value: 0.9999937415122986 and parameters: {'num_shared_layers': 8, 'hidden_dim': 1024, 'output_dim': 256, 'max_output_len': 16, 'dropout_rate': 0.11045652649905263, 'lr': 0.0007905638810632591, 'weight_decay': 0.008865041696976694, 'batch_size': 1024, 'w_levelset': 0.23696266718727788, 'w_separation': 0.06291277939159223, 'threshold_factor': 0.16297596525508773}. Best is trial 2 with value: 0.9998143741062709.
[I 2025-03-07 17:13:33,633] Trial 4 finished with value: 0.9999917149543762 and parameters: {'num_shared_layers': 5, 'hidden_dim': 256, 'output_dim': 256, 'max_output_len': 64, 'dropout_rate': 0.1285760663213814, 'lr': 0.0011875422907215564, 'weight_decay': 1.1512128615722083e-06, 'batch_size': 512, 'w_levelset': 0.2939834615378336, 'w_separation': 0.785886950474098, 'threshold_factor': 0.13362102987868904}. Best is trial 2 with value: 0.9998143741062709.
[I 2025-03-07 17:27:55,146] Trial 5 finished with value: 0.999992915562221 and parameters: {'num_shared_layers': 7, 'hidden_dim': 512, 'output_dim': 256, 'max_output_len': 32, 'dropout_rate': 0.05980629856740832, 'lr': 0.0006201353931661196, 'weight_decay': 0.007369100590193357, 'batch_size': 256, 'w_levelset': 0.26901626378605226, 'w_separation': 0.8606241145303876, 'threshold_factor': 0.10972682431310095}. Best is trial 2 with value: 0.9998143741062709.
[I 2025-03-07 17:28:18,201] Trial 6 pruned. 
[I 2025-03-07 17:28:24,447] Trial 7 pruned. 
[I 2025-03-07 17:28:47,844] Trial 8 pruned. 
[I 2025-03-07 17:28:54,048] Trial 9 pruned. 
[I 2025-03-07 17:29:16,968] Trial 10 pruned. 
[I 2025-03-07 17:43:31,145] Trial 11 finished with value: 0.9999893307685852 and parameters: {'num_shared_layers': 4, 'hidden_dim': 512, 'output_dim': 512, 'max_output_len': 32, 'dropout_rate': 0.2690544180996778, 'lr': 0.0038638310828077987, 'weight_decay': 0.0010085613393281904, 'batch_size': 256, 'w_levelset': 0.6452743000291822, 'w_separation': 0.5989946825251946, 'threshold_factor': 0.0599203377969833}. Best is trial 2 with value: 0.9998143741062709.
[I 2025-03-07 17:44:27,816] Trial 12 pruned. 
[I 2025-03-07 17:58:39,598] Trial 13 finished with value: 0.9999909486089434 and parameters: {'num_shared_layers': 3, 'hidden_dim': 2048, 'output_dim': 512, 'max_output_len': 16, 'dropout_rate': 0.18374661436809944, 'lr': 0.0004094165532798927, 'weight_decay': 0.0007714122352340881, 'batch_size': 256, 'w_levelset': 0.6401059048123192, 'w_separation': 0.28513592267885046, 'threshold_factor': 0.058802835717923434}. Best is trial 2 with value: 0.9998143741062709.
[I 2025-03-07 17:58:45,603] Trial 14 pruned. 
[I 2025-03-07 17:58:51,660] Trial 15 pruned. 
[I 2025-03-07 18:13:03,034] Trial 16 finished with value: 0.999991740499224 and parameters: {'num_shared_layers': 3, 'hidden_dim': 512, 'output_dim': 512, 'max_output_len': 16, 'dropout_rate': 0.013557437035518483, 'lr': 0.009945999437323426, 'weight_decay': 0.0020502847910411318, 'batch_size': 256, 'w_levelset': 0.786199224992743, 'w_separation': 0.5982035497217614, 'threshold_factor': 0.04962690812508177}. Best is trial 2 with value: 0.9998143741062709.
[I 2025-03-07 18:13:17,554] Trial 17 pruned. 
[I 2025-03-07 18:13:23,772] Trial 18 pruned. 
[I 2025-03-07 18:13:29,865] Trial 19 pruned. 
[I 2025-03-07 18:14:27,215] Trial 20 pruned. 
[I 2025-03-07 18:28:35,149] Trial 21 finished with value: 0.9999932391302926 and parameters: {'num_shared_layers': 3, 'hidden_dim': 2048, 'output_dim': 512, 'max_output_len': 16, 'dropout_rate': 0.20727823495152925, 'lr': 0.0005351627694088097, 'weight_decay': 0.0009351224058866903, 'batch_size': 256, 'w_levelset': 0.6929272059648613, 'w_separation': 0.25545595465735643, 'threshold_factor': 0.061547634406509184}. Best is trial 2 with value: 0.9998143741062709.
[I 2025-03-07 18:28:54,030] Trial 22 pruned. 
[I 2025-03-07 18:29:00,333] Trial 23 pruned. 
[I 2025-03-07 18:29:06,710] Trial 24 pruned. 
[I 2025-03-07 18:29:12,647] Trial 25 pruned. 
[I 2025-03-07 18:29:22,823] Trial 26 pruned. 
[I 2025-03-07 18:29:28,989] Trial 27 pruned. 
[I 2025-03-07 18:29:35,310] Trial 28 pruned. 
[I 2025-03-07 18:29:41,409] Trial 29 pruned. 
[I 2025-03-07 18:30:39,255] Trial 30 pruned. 
[I 2025-03-07 18:30:45,459] Trial 31 pruned. 
[I 2025-03-07 18:44:47,430] Trial 32 finished with value: 0.9999954700469971 and parameters: {'num_shared_layers': 3, 'hidden_dim': 512, 'output_dim': 512, 'max_output_len': 32, 'dropout_rate': 0.2610761043402373, 'lr': 0.005822357219667463, 'weight_decay': 0.002610086987706569, 'batch_size': 256, 'w_levelset': 0.1403438978221605, 'w_separation': 0.4817329327942282, 'threshold_factor': 0.07756743080099375}. Best is trial 2 with value: 0.9998143741062709.
[I 2025-03-07 18:44:53,434] Trial 33 pruned. 
[I 2025-03-07 18:44:59,510] Trial 34 pruned. 
[I 2025-03-07 18:45:05,689] Trial 35 pruned. 
[I 2025-03-07 18:45:16,065] Trial 36 pruned. 
[I 2025-03-07 18:45:22,351] Trial 37 pruned. 
[I 2025-03-07 18:45:28,361] Trial 38 pruned. 
[I 2025-03-07 18:45:38,727] Trial 39 pruned. 
[I 2025-03-07 18:59:42,418] Trial 40 finished with value: 0.9999924557549613 and parameters: {'num_shared_layers': 2, 'hidden_dim': 512, 'output_dim': 512, 'max_output_len': 64, 'dropout_rate': 0.11173753553698104, 'lr': 0.006891887247416609, 'weight_decay': 0.00043511936465975176, 'batch_size': 256, 'w_levelset': 0.5910360374159287, 'w_separation': 0.6754802000953891, 'threshold_factor': 0.18247304218942623}. Best is trial 2 with value: 0.9998143741062709.
[I 2025-03-07 18:59:48,269] Trial 41 pruned. 
[I 2025-03-07 18:59:54,320] Trial 42 pruned. 
[I 2025-03-07 19:00:00,383] Trial 43 pruned. 
[I 2025-03-07 19:00:06,452] Trial 44 pruned. 
[I 2025-03-07 19:00:12,652] Trial 45 pruned. 
[I 2025-03-07 19:00:18,596] Trial 46 pruned. 
[I 2025-03-07 19:00:29,070] Trial 47 pruned. 
[I 2025-03-07 19:00:35,101] Trial 48 pruned. 
[I 2025-03-07 19:00:41,305] Trial 49 pruned. 
[I 2025-03-07 19:00:59,797] Trial 50 pruned. 
[I 2025-03-07 19:01:56,268] Trial 51 pruned. 
[I 2025-03-07 19:16:01,007] Trial 52 finished with value: 0.9999960150037494 and parameters: {'num_shared_layers': 2, 'hidden_dim': 512, 'output_dim': 512, 'max_output_len': 16, 'dropout_rate': 0.16114220211122293, 'lr': 0.009021920027835906, 'weight_decay': 0.005872455014408513, 'batch_size': 256, 'w_levelset': 0.7940543067602418, 'w_separation': 0.36968529317157917, 'threshold_factor': 0.03458998303436283}. Best is trial 2 with value: 0.9998143741062709.
[I 2025-03-07 19:30:04,103] Trial 53 finished with value: 0.9999918597085136 and parameters: {'num_shared_layers': 3, 'hidden_dim': 512, 'output_dim': 512, 'max_output_len': 16, 'dropout_rate': 0.03248637221617506, 'lr': 0.004262185727923341, 'weight_decay': 0.0008511040801378977, 'batch_size': 256, 'w_levelset': 0.5266712505187777, 'w_separation': 0.7874826374047744, 'threshold_factor': 0.0699928734583301}. Best is trial 2 with value: 0.9998143741062709.
[I 2025-03-07 19:44:06,424] Trial 54 finished with value: 0.9999899097851345 and parameters: {'num_shared_layers': 4, 'hidden_dim': 512, 'output_dim': 512, 'max_output_len': 16, 'dropout_rate': 0.004736495657271722, 'lr': 0.00534018489784428, 'weight_decay': 0.003251117286881567, 'batch_size': 256, 'w_levelset': 0.6345365795829648, 'w_separation': 0.08732102591881935, 'threshold_factor': 0.024762206335608015}. Best is trial 2 with value: 0.9998143741062709.
[I 2025-03-07 19:44:12,503] Trial 55 pruned. 
[I 2025-03-07 19:44:18,966] Trial 56 pruned. 
[I 2025-03-07 19:58:34,527] Trial 57 finished with value: 0.999991067818233 and parameters: {'num_shared_layers': 5, 'hidden_dim': 2048, 'output_dim': 512, 'max_output_len': 32, 'dropout_rate': 0.2146907783238889, 'lr': 0.0034374687273282622, 'weight_decay': 0.0006103934602849083, 'batch_size': 256, 'w_levelset': 0.578366456498419, 'w_separation': 0.005272840231420051, 'threshold_factor': 0.1837418985366367}. Best is trial 2 with value: 0.9998143741062709.
[I 2025-03-07 19:59:06,463] Trial 58 pruned. 
[I 2025-03-07 19:59:12,732] Trial 59 pruned. 
[I 2025-03-07 19:59:18,884] Trial 60 pruned. 
[I 2025-03-07 20:13:30,896] Trial 61 finished with value: 0.9999926941735404 and parameters: {'num_shared_layers': 4, 'hidden_dim': 2048, 'output_dim': 512, 'max_output_len': 32, 'dropout_rate': 0.24486509016901165, 'lr': 0.001935725839467954, 'weight_decay': 0.00011771448227628258, 'batch_size': 256, 'w_levelset': 0.6544073142250988, 'w_separation': 0.1765671352617624, 'threshold_factor': 0.15624875815932418}. Best is trial 2 with value: 0.9998143741062709.
[I 2025-03-07 20:27:54,377] Trial 62 finished with value: 0.9999897735459464 and parameters: {'num_shared_layers': 7, 'hidden_dim': 2048, 'output_dim': 512, 'max_output_len': 32, 'dropout_rate': 0.1835873629432319, 'lr': 0.0028274739497079265, 'weight_decay': 0.003396820012545946, 'batch_size': 256, 'w_levelset': 0.44887968059891525, 'w_separation': 0.10976670359661579, 'threshold_factor': 0.17634919366752186}. Best is trial 2 with value: 0.9998143741062709.
[I 2025-03-07 20:28:26,436] Trial 63 pruned. 
[I 2025-03-07 20:42:57,811] Trial 64 finished with value: 0.9999878406524658 and parameters: {'num_shared_layers': 7, 'hidden_dim': 2048, 'output_dim': 512, 'max_output_len': 32, 'dropout_rate': 0.27373572538599167, 'lr': 0.0034121479610439024, 'weight_decay': 0.0013025050715596862, 'batch_size': 256, 'w_levelset': 0.7409396869597175, 'w_separation': 0.006895488208456202, 'threshold_factor': 0.17278764356096363}. Best is trial 2 with value: 0.9998143741062709.
[I 2025-03-07 20:57:26,087] Trial 65 finished with value: 0.9999899012701852 and parameters: {'num_shared_layers': 7, 'hidden_dim': 2048, 'output_dim': 512, 'max_output_len': 32, 'dropout_rate': 0.2775421363232092, 'lr': 0.00736170097202854, 'weight_decay': 0.0006661223671858487, 'batch_size': 256, 'w_levelset': 0.8733811769372699, 'w_separation': 0.01096204311851981, 'threshold_factor': 0.1919319398570229}. Best is trial 2 with value: 0.9998143741062709.
[I 2025-03-07 20:57:36,806] Trial 66 pruned. 
[I 2025-03-07 20:57:51,992] Trial 67 pruned. 
[I 2025-03-07 20:58:07,142] Trial 68 pruned. 
[I 2025-03-07 20:58:35,252] Trial 69 pruned. 
[I 2025-03-07 20:58:41,675] Trial 70 pruned. 
[I 2025-03-07 20:58:56,939] Trial 71 pruned. 
[I 2025-03-07 20:59:07,609] Trial 72 pruned. 
[I 2025-03-07 20:59:18,394] Trial 73 pruned. 
[I 2025-03-07 20:59:50,833] Trial 74 pruned. 
[I 2025-03-07 20:59:57,395] Trial 75 pruned. 
[I 2025-03-07 21:00:03,479] Trial 76 pruned. 
[I 2025-03-07 21:00:14,070] Trial 77 pruned. 
[I 2025-03-07 21:00:24,741] Trial 78 pruned. 
[I 2025-03-07 21:00:30,927] Trial 79 pruned. 
[I 2025-03-07 21:00:37,202] Trial 80 pruned. 
[I 2025-03-07 21:00:43,301] Trial 81 pruned. 
[I 2025-03-07 21:00:49,630] Trial 82 pruned. 
[I 2025-03-07 21:00:55,716] Trial 83 pruned. 
[I 2025-03-07 21:01:01,994] Trial 84 pruned. 
[I 2025-03-07 21:01:12,419] Trial 85 pruned. 
[I 2025-03-07 21:01:18,612] Trial 86 pruned. 
[I 2025-03-07 21:01:24,720] Trial 87 pruned. 
[I 2025-03-07 21:01:30,965] Trial 88 pruned. 
[I 2025-03-07 21:15:52,590] Trial 89 finished with value: 0.9999886069978986 and parameters: {'num_shared_layers': 4, 'hidden_dim': 2048, 'output_dim': 512, 'max_output_len': 32, 'dropout_rate': 0.287987522536143, 'lr': 0.0027962518350420616, 'weight_decay': 0.00018571291449769476, 'batch_size': 256, 'w_levelset': 0.7334374711593252, 'w_separation': 0.6269119399284659, 'threshold_factor': 0.1782628207239224}. Best is trial 2 with value: 0.9998143741062709.
[I 2025-03-07 21:16:07,497] Trial 90 pruned. 
[I 2025-03-07 21:16:17,997] Trial 91 pruned. 
[I 2025-03-07 21:16:28,529] Trial 92 pruned. 
[I 2025-03-07 21:16:39,163] Trial 93 pruned. 
[I 2025-03-07 21:16:45,355] Trial 94 pruned. 
[I 2025-03-07 21:16:51,725] Trial 95 pruned. 
[I 2025-03-07 21:16:57,949] Trial 96 pruned. 
[I 2025-03-07 21:17:04,271] Trial 97 pruned. 
[I 2025-03-07 21:17:10,473] Trial 98 pruned. 
[I 2025-03-07 21:17:42,584] Trial 99 pruned. 
[I 2025-03-07 21:17:48,819] Trial 100 pruned. 
[I 2025-03-07 21:17:55,001] Trial 101 pruned. 
[I 2025-03-07 21:18:01,287] Trial 102 pruned. 
[I 2025-03-07 21:18:07,366] Trial 103 pruned. 
[I 2025-03-07 21:18:13,558] Trial 104 pruned. 
[I 2025-03-07 21:18:19,871] Trial 105 pruned. 
[I 2025-03-07 21:32:31,308] Trial 106 finished with value: 0.9999876916408539 and parameters: {'num_shared_layers': 6, 'hidden_dim': 2048, 'output_dim': 256, 'max_output_len': 64, 'dropout_rate': 0.002871641758925958, 'lr': 0.005957341381343492, 'weight_decay': 3.906226040787363e-05, 'batch_size': 512, 'w_levelset': 0.6220858444734972, 'w_separation': 0.07021057992830497, 'threshold_factor': 0.1652484036548313}. Best is trial 2 with value: 0.9998143741062709.
[I 2025-03-07 21:32:41,925] Trial 107 pruned. 
[I 2025-03-07 21:33:13,774] Trial 108 pruned. 
[I 2025-03-07 21:33:24,357] Trial 109 pruned. 
[I 2025-03-07 21:33:35,223] Trial 110 pruned. 
[I 2025-03-07 21:33:41,409] Trial 111 pruned. 
[I 2025-03-07 21:33:47,578] Trial 112 pruned. 
[I 2025-03-07 21:33:53,587] Trial 113 pruned. 
[I 2025-03-07 21:33:59,760] Trial 114 pruned. 
[I 2025-03-07 21:34:06,012] Trial 115 pruned. 
[I 2025-03-07 21:34:16,730] Trial 116 pruned. 
[I 2025-03-07 21:34:22,896] Trial 117 pruned. 
[I 2025-03-07 21:34:29,343] Trial 118 pruned. 
[I 2025-03-07 21:34:35,913] Trial 119 pruned. 
[I 2025-03-07 21:34:42,169] Trial 120 pruned. 
[I 2025-03-07 21:34:52,508] Trial 121 pruned. 
