Lmod: loading gcc 8.5.0 
Lmod: loading cuda 11.8 
Fri Mar  7 11:37:08 2025       
+-----------------------------------------------------------------------------------------+
| NVIDIA-SMI 555.42.02              Driver Version: 555.42.02      CUDA Version: 12.5     |
|-----------------------------------------+------------------------+----------------------+
| GPU  Name                 Persistence-M | Bus-Id          Disp.A | Volatile Uncorr. ECC |
| Fan  Temp   Perf          Pwr:Usage/Cap |           Memory-Usage | GPU-Util  Compute M. |
|                                         |                        |               MIG M. |
|=========================================+========================+======================|
|   0  NVIDIA H100 80GB HBM3          On  |   00000000:26:00.0 Off |                    0 |
| N/A   21C    P0             66W /  700W |       1MiB /  81559MiB |      0%      Default |
|                                         |                        |             Disabled |
+-----------------------------------------+------------------------+----------------------+
                                                                                         
+-----------------------------------------------------------------------------------------+
| Processes:                                                                              |
|  GPU   GI   CI        PID   Type   Process name                              GPU Memory |
|        ID   ID                                                               Usage      |
|=========================================================================================|
|  No running processes found                                                             |
+-----------------------------------------------------------------------------------------+
[I 2025-03-07 11:37:25,515] A new study created in memory with name: no-name-9db63ada-10bf-451c-b5ae-44565d0c9560
/work/home/ng66sume/MasterThesis/Scripts/FNN_V5/master_hyperparameter.py:175: FutureWarning: suggest_uniform has been deprecated in v3.0.0. This feature will be removed in v6.0.0. See https://github.com/optuna/optuna/releases/tag/v3.0.0. Use suggest_float instead.
  dropout_rate = trial.suggest_uniform("dropout_rate", 0.0, 0.5)
/work/home/ng66sume/MasterThesis/Scripts/FNN_V5/master_hyperparameter.py:176: FutureWarning: suggest_loguniform has been deprecated in v3.0.0. This feature will be removed in v6.0.0. See https://github.com/optuna/optuna/releases/tag/v3.0.0. Use suggest_float(..., log=True) instead.
  learning_rate = trial.suggest_loguniform("lr", 1e-5, 1e-2)
/work/home/ng66sume/MasterThesis/Scripts/FNN_V5/master_hyperparameter.py:177: FutureWarning: suggest_loguniform has been deprecated in v3.0.0. This feature will be removed in v6.0.0. See https://github.com/optuna/optuna/releases/tag/v3.0.0. Use suggest_float(..., log=True) instead.
  weight_decay = trial.suggest_loguniform("weight_decay", 1e-6, 1e-2)
/work/home/ng66sume/MasterThesis/Scripts/FNN_V5/master_hyperparameter.py:181: FutureWarning: suggest_uniform has been deprecated in v3.0.0. This feature will be removed in v6.0.0. See https://github.com/optuna/optuna/releases/tag/v3.0.0. Use suggest_float instead.
  w_integration = trial.suggest_uniform("w_integration", 1, 5)
/work/home/ng66sume/MasterThesis/Scripts/FNN_V5/master_hyperparameter.py:182: FutureWarning: suggest_uniform has been deprecated in v3.0.0. This feature will be removed in v6.0.0. See https://github.com/optuna/optuna/releases/tag/v3.0.0. Use suggest_float instead.
  w_levelset = trial.suggest_uniform("w_levelset", 0, 1.0)
/work/home/ng66sume/MasterThesis/Scripts/FNN_V5/master_hyperparameter.py:183: FutureWarning: suggest_uniform has been deprecated in v3.0.0. This feature will be removed in v6.0.0. See https://github.com/optuna/optuna/releases/tag/v3.0.0. Use suggest_float instead.
  w_separation = trial.suggest_uniform("w_separation", 0, 1.0)
/work/home/ng66sume/MasterThesis/Scripts/FNN_V5/master_hyperparameter.py:184: FutureWarning: suggest_uniform has been deprecated in v3.0.0. This feature will be removed in v6.0.0. See https://github.com/optuna/optuna/releases/tag/v3.0.0. Use suggest_float instead.
  threshold_factor = trial.suggest_uniform("threshold_factor", 0, 0.2)
/work/home/ng66sume/MasterThesis/Scripts/FNN_V5/multidataloader_fnn.py:38: FutureWarning: You are using `torch.load` with `weights_only=False` (the current default value), which uses the default pickle module implicitly. It is possible to construct malicious pickle data which will execute arbitrary code during unpickling (See https://github.com/pytorch/pytorch/blob/main/SECURITY.md#untrusted-models for more details). In a future release, the default value for `weights_only` will be flipped to `True`. This limits the functions that could be executed during unpickling. Arbitrary objects will no longer be allowed to be loaded via this mode unless they are explicitly allowlisted by the user via `torch.serialization.add_safe_globals`. We recommend you start setting `weights_only=True` for any use case where you don't have full control of the loaded file. Please open an issue on GitHub for any issues related to this experimental feature.
  chunk_data = torch.load(chunk_file)
/home/ng66sume/miniconda3/envs/env3/lib/python3.9/site-packages/torch/optim/lr_scheduler.py:62: UserWarning: The verbose parameter is deprecated. Please use get_last_lr() to access the learning rate.
  warnings.warn(
[I 2025-03-07 11:45:14,085] Trial 0 finished with value: 0.22706447541713715 and parameters: {'num_shared_layers': 5, 'hidden_dim': 512, 'output_dim': 1024, 'max_output_len': 16, 'dropout_rate': 0.399528057393091, 'lr': 5.40083335032889e-05, 'weight_decay': 0.0023834976925570122, 'batch_size': 1024, 'w_integration': 2.7942388542968324, 'w_levelset': 0.10548476763474524, 'w_separation': 0.19412912762948586, 'threshold_factor': 0.07021679560486863}. Best is trial 0 with value: 0.22706447541713715.
/work/home/ng66sume/MasterThesis/Scripts/FNN_V5/master_hyperparameter.py:175: FutureWarning: suggest_uniform has been deprecated in v3.0.0. This feature will be removed in v6.0.0. See https://github.com/optuna/optuna/releases/tag/v3.0.0. Use suggest_float instead.
  dropout_rate = trial.suggest_uniform("dropout_rate", 0.0, 0.5)
/work/home/ng66sume/MasterThesis/Scripts/FNN_V5/master_hyperparameter.py:176: FutureWarning: suggest_loguniform has been deprecated in v3.0.0. This feature will be removed in v6.0.0. See https://github.com/optuna/optuna/releases/tag/v3.0.0. Use suggest_float(..., log=True) instead.
  learning_rate = trial.suggest_loguniform("lr", 1e-5, 1e-2)
/work/home/ng66sume/MasterThesis/Scripts/FNN_V5/master_hyperparameter.py:177: FutureWarning: suggest_loguniform has been deprecated in v3.0.0. This feature will be removed in v6.0.0. See https://github.com/optuna/optuna/releases/tag/v3.0.0. Use suggest_float(..., log=True) instead.
  weight_decay = trial.suggest_loguniform("weight_decay", 1e-6, 1e-2)
/work/home/ng66sume/MasterThesis/Scripts/FNN_V5/master_hyperparameter.py:181: FutureWarning: suggest_uniform has been deprecated in v3.0.0. This feature will be removed in v6.0.0. See https://github.com/optuna/optuna/releases/tag/v3.0.0. Use suggest_float instead.
  w_integration = trial.suggest_uniform("w_integration", 1, 5)
/work/home/ng66sume/MasterThesis/Scripts/FNN_V5/master_hyperparameter.py:182: FutureWarning: suggest_uniform has been deprecated in v3.0.0. This feature will be removed in v6.0.0. See https://github.com/optuna/optuna/releases/tag/v3.0.0. Use suggest_float instead.
  w_levelset = trial.suggest_uniform("w_levelset", 0, 1.0)
/work/home/ng66sume/MasterThesis/Scripts/FNN_V5/master_hyperparameter.py:183: FutureWarning: suggest_uniform has been deprecated in v3.0.0. This feature will be removed in v6.0.0. See https://github.com/optuna/optuna/releases/tag/v3.0.0. Use suggest_float instead.
  w_separation = trial.suggest_uniform("w_separation", 0, 1.0)
/work/home/ng66sume/MasterThesis/Scripts/FNN_V5/master_hyperparameter.py:184: FutureWarning: suggest_uniform has been deprecated in v3.0.0. This feature will be removed in v6.0.0. See https://github.com/optuna/optuna/releases/tag/v3.0.0. Use suggest_float instead.
  threshold_factor = trial.suggest_uniform("threshold_factor", 0, 0.2)
[I 2025-03-07 11:53:08,878] Trial 1 finished with value: 0.1433640494942665 and parameters: {'num_shared_layers': 4, 'hidden_dim': 256, 'output_dim': 512, 'max_output_len': 16, 'dropout_rate': 0.3447820186298435, 'lr': 1.6376645327892727e-05, 'weight_decay': 0.0003699218788366915, 'batch_size': 512, 'w_integration': 2.4834323910015073, 'w_levelset': 0.005723098495744816, 'w_separation': 0.8514207043068663, 'threshold_factor': 0.15919392214984202}. Best is trial 1 with value: 0.1433640494942665.
[I 2025-03-07 12:01:05,073] Trial 2 finished with value: 0.0442070746794343 and parameters: {'num_shared_layers': 2, 'hidden_dim': 128, 'output_dim': 256, 'max_output_len': 16, 'dropout_rate': 0.31391864547596954, 'lr': 0.0002042323794630899, 'weight_decay': 0.00025187960383033056, 'batch_size': 512, 'w_integration': 3.55051026887856, 'w_levelset': 0.43082502983961457, 'w_separation': 0.4758384343137745, 'threshold_factor': 0.007112423314030125}. Best is trial 2 with value: 0.0442070746794343.
[I 2025-03-07 12:09:25,964] Trial 3 finished with value: 0.1282666213810444 and parameters: {'num_shared_layers': 2, 'hidden_dim': 2048, 'output_dim': 512, 'max_output_len': 64, 'dropout_rate': 0.41570711959207757, 'lr': 4.0562869395874034e-05, 'weight_decay': 6.605057030436262e-05, 'batch_size': 1024, 'w_integration': 2.267396671780403, 'w_levelset': 0.13177676074492506, 'w_separation': 0.6947894015935359, 'threshold_factor': 0.014147719280046012}. Best is trial 2 with value: 0.0442070746794343.
[I 2025-03-07 12:17:19,892] Trial 4 finished with value: 0.5888634528548989 and parameters: {'num_shared_layers': 2, 'hidden_dim': 1024, 'output_dim': 512, 'max_output_len': 16, 'dropout_rate': 0.09025979865254441, 'lr': 0.00060252672404822, 'weight_decay': 0.005786585694687472, 'batch_size': 256, 'w_integration': 1.09360920085923, 'w_levelset': 0.3502926965359531, 'w_separation': 0.7855015134065353, 'threshold_factor': 0.006180947005714055}. Best is trial 2 with value: 0.0442070746794343.
[I 2025-03-07 12:25:19,492] Trial 5 finished with value: 0.023825707579297677 and parameters: {'num_shared_layers': 6, 'hidden_dim': 2048, 'output_dim': 512, 'max_output_len': 32, 'dropout_rate': 0.44704064813537564, 'lr': 0.000499977624949828, 'weight_decay': 0.00011728161325650926, 'batch_size': 256, 'w_integration': 3.306279868751914, 'w_levelset': 0.6190752760898816, 'w_separation': 0.22623210945097194, 'threshold_factor': 0.12924778957884284}. Best is trial 5 with value: 0.023825707579297677.
[I 2025-03-07 12:25:22,986] Trial 6 pruned. 
[I 2025-03-07 12:25:26,802] Trial 7 pruned. 
[I 2025-03-07 12:25:30,441] Trial 8 pruned. 
[I 2025-03-07 12:25:34,138] Trial 9 pruned. 
[I 2025-03-07 12:26:09,489] Trial 10 pruned. 
[I 2025-03-07 12:26:13,369] Trial 11 pruned. 
[I 2025-03-07 12:26:17,031] Trial 12 pruned. 
[I 2025-03-07 12:26:20,833] Trial 13 pruned. 
[I 2025-03-07 12:26:24,420] Trial 14 pruned. 
[I 2025-03-07 12:26:28,253] Trial 15 pruned. 
[I 2025-03-07 12:26:32,081] Trial 16 pruned. 
[I 2025-03-07 12:34:29,080] Trial 17 finished with value: 0.008893690188415349 and parameters: {'num_shared_layers': 1, 'hidden_dim': 2048, 'output_dim': 512, 'max_output_len': 16, 'dropout_rate': 0.3095488519219044, 'lr': 0.0028074033730527332, 'weight_decay': 0.0011558791418189646, 'batch_size': 512, 'w_integration': 1.5675579593330666, 'w_levelset': 0.6049985354752224, 'w_separation': 0.3805778462759477, 'threshold_factor': 0.09068007364536027}. Best is trial 17 with value: 0.008893690188415349.
[I 2025-03-07 12:42:30,602] Trial 18 finished with value: 0.010272408502974681 and parameters: {'num_shared_layers': 1, 'hidden_dim': 2048, 'output_dim': 512, 'max_output_len': 32, 'dropout_rate': 0.43439151217631905, 'lr': 0.004418521170957844, 'weight_decay': 0.0011532413144586665, 'batch_size': 256, 'w_integration': 1.4635363863605915, 'w_levelset': 0.6201406220309177, 'w_separation': 0.1500981328642932, 'threshold_factor': 0.08604326696424683}. Best is trial 17 with value: 0.008893690188415349.
[I 2025-03-07 12:42:34,540] Trial 19 pruned. 
[I 2025-03-07 12:50:31,393] Trial 20 finished with value: 0.011017578920083386 and parameters: {'num_shared_layers': 1, 'hidden_dim': 2048, 'output_dim': 512, 'max_output_len': 16, 'dropout_rate': 0.38644615218754824, 'lr': 0.0022309097125292653, 'weight_decay': 0.0010318189383523818, 'batch_size': 256, 'w_integration': 1.6229872765710658, 'w_levelset': 0.6438083254984592, 'w_separation': 0.3412889115005632, 'threshold_factor': 0.040081360558477844}. Best is trial 17 with value: 0.008893690188415349.
[I 2025-03-07 12:58:27,459] Trial 21 finished with value: 0.008581490754815084 and parameters: {'num_shared_layers': 1, 'hidden_dim': 2048, 'output_dim': 512, 'max_output_len': 16, 'dropout_rate': 0.3806750768137533, 'lr': 0.0030239091646940036, 'weight_decay': 0.009870897099661756, 'batch_size': 256, 'w_integration': 1.4756611972524167, 'w_levelset': 0.6306832789111498, 'w_separation': 0.37328010039957127, 'threshold_factor': 0.037612564947076675}. Best is trial 21 with value: 0.008581490754815084.
[I 2025-03-07 13:06:26,471] Trial 22 finished with value: 0.0062069276879940715 and parameters: {'num_shared_layers': 1, 'hidden_dim': 2048, 'output_dim': 512, 'max_output_len': 16, 'dropout_rate': 0.29528321905248234, 'lr': 0.009813026674983476, 'weight_decay': 0.008267261055874487, 'batch_size': 256, 'w_integration': 1.539201746459141, 'w_levelset': 0.5102549698363242, 'w_separation': 0.13948234475931606, 'threshold_factor': 0.08256304603049935}. Best is trial 22 with value: 0.0062069276879940715.
[I 2025-03-07 13:06:30,065] Trial 23 pruned. 
[I 2025-03-07 13:14:27,827] Trial 24 finished with value: 0.0067678643057921106 and parameters: {'num_shared_layers': 1, 'hidden_dim': 2048, 'output_dim': 512, 'max_output_len': 16, 'dropout_rate': 0.3108718120964347, 'lr': 0.00988237536209655, 'weight_decay': 0.00427325872188924, 'batch_size': 256, 'w_integration': 1.7877163090744024, 'w_levelset': 0.4941060835175118, 'w_separation': 0.40635652046639814, 'threshold_factor': 0.07738257525672586}. Best is trial 22 with value: 0.0062069276879940715.
[I 2025-03-07 13:14:33,969] Trial 25 pruned. 
[I 2025-03-07 13:22:31,685] Trial 26 finished with value: 0.006937983778438398 and parameters: {'num_shared_layers': 4, 'hidden_dim': 256, 'output_dim': 1024, 'max_output_len': 16, 'dropout_rate': 0.1440294652879779, 'lr': 0.009723857248529744, 'weight_decay': 0.0031690057162053168, 'batch_size': 256, 'w_integration': 1.9373310880811778, 'w_levelset': 0.4831274046010543, 'w_separation': 0.002995713536796618, 'threshold_factor': 0.04766341135897555}. Best is trial 22 with value: 0.0062069276879940715.
[I 2025-03-07 13:30:31,409] Trial 27 finished with value: 0.006049375581954207 and parameters: {'num_shared_layers': 4, 'hidden_dim': 256, 'output_dim': 1024, 'max_output_len': 16, 'dropout_rate': 0.13393018136034346, 'lr': 0.009785278657611644, 'weight_decay': 0.00276444527920271, 'batch_size': 256, 'w_integration': 1.9629925183076842, 'w_levelset': 0.259370190554818, 'w_separation': 0.011686967964522147, 'threshold_factor': 0.04741360719321024}. Best is trial 27 with value: 0.006049375581954207.
[I 2025-03-07 13:38:29,901] Trial 28 finished with value: 0.001093342958483845 and parameters: {'num_shared_layers': 3, 'hidden_dim': 256, 'output_dim': 1024, 'max_output_len': 16, 'dropout_rate': 0.06529915370326006, 'lr': 0.006162109236983791, 'weight_decay': 0.001801537694510274, 'batch_size': 256, 'w_integration': 2.2777544436337327, 'w_levelset': 0.23023514591332053, 'w_separation': 0.18584300323287173, 'threshold_factor': 0.0771224589215562}. Best is trial 28 with value: 0.001093342958483845.
[I 2025-03-07 13:38:33,634] Trial 29 pruned. 
[I 2025-03-07 13:38:37,321] Trial 30 pruned. 
[I 2025-03-07 13:38:40,868] Trial 31 pruned. 
[I 2025-03-07 13:46:41,836] Trial 32 finished with value: 0.001197184352869434 and parameters: {'num_shared_layers': 4, 'hidden_dim': 256, 'output_dim': 1024, 'max_output_len': 16, 'dropout_rate': 0.12627414732363093, 'lr': 0.00467891865961002, 'weight_decay': 0.003439033590912593, 'batch_size': 256, 'w_integration': 2.1693492566029726, 'w_levelset': 0.030439987148200842, 'w_separation': 0.0024933127631512064, 'threshold_factor': 0.10622194556200279}. Best is trial 28 with value: 0.001093342958483845.
[I 2025-03-07 13:54:42,266] Trial 33 finished with value: 0.0016684138016509159 and parameters: {'num_shared_layers': 5, 'hidden_dim': 256, 'output_dim': 1024, 'max_output_len': 16, 'dropout_rate': 0.1335771768103109, 'lr': 0.004283625162432191, 'weight_decay': 0.0006429253294805363, 'batch_size': 256, 'w_integration': 2.213562791965528, 'w_levelset': 0.011421251606305971, 'w_separation': 0.02683054853604145, 'threshold_factor': 0.10903926393498545}. Best is trial 28 with value: 0.001093342958483845.
[I 2025-03-07 14:02:40,238] Trial 34 finished with value: 0.0012749786754803999 and parameters: {'num_shared_layers': 4, 'hidden_dim': 256, 'output_dim': 1024, 'max_output_len': 16, 'dropout_rate': 0.13263055122613196, 'lr': 0.004243321077549946, 'weight_decay': 0.000620416051957728, 'batch_size': 256, 'w_integration': 2.2039522596956918, 'w_levelset': 0.0038378204360587954, 'w_separation': 0.0033985537877166995, 'threshold_factor': 0.1062015443572312}. Best is trial 28 with value: 0.001093342958483845.
[I 2025-03-07 14:10:42,562] Trial 35 finished with value: 0.0021812170411327054 and parameters: {'num_shared_layers': 5, 'hidden_dim': 256, 'output_dim': 1024, 'max_output_len': 16, 'dropout_rate': 0.1455856424217499, 'lr': 0.004144901775159273, 'weight_decay': 0.0006865171384951201, 'batch_size': 256, 'w_integration': 2.3015896227904333, 'w_levelset': 0.003985665984769958, 'w_separation': 0.06571689941137662, 'threshold_factor': 0.10643407504668231}. Best is trial 28 with value: 0.001093342958483845.
[I 2025-03-07 14:10:46,251] Trial 36 pruned. 
[I 2025-03-07 14:10:49,924] Trial 37 pruned. 
[I 2025-03-07 14:10:53,586] Trial 38 pruned. 
[I 2025-03-07 14:10:59,790] Trial 39 pruned. 
[I 2025-03-07 14:11:03,569] Trial 40 pruned. 
[I 2025-03-07 14:19:02,618] Trial 41 finished with value: 0.0022317011774118456 and parameters: {'num_shared_layers': 5, 'hidden_dim': 256, 'output_dim': 1024, 'max_output_len': 16, 'dropout_rate': 0.15872217773446945, 'lr': 0.004076467346715134, 'weight_decay': 0.0005693203547396903, 'batch_size': 256, 'w_integration': 2.4041112651163283, 'w_levelset': 0.0014733897255925377, 'w_separation': 0.06360273043387374, 'threshold_factor': 0.1070673258084197}. Best is trial 28 with value: 0.001093342958483845.
[I 2025-03-07 14:27:06,002] Trial 42 finished with value: 0.0014067661416317736 and parameters: {'num_shared_layers': 5, 'hidden_dim': 256, 'output_dim': 1024, 'max_output_len': 16, 'dropout_rate': 0.08187998590852724, 'lr': 0.003949021928490954, 'weight_decay': 0.0007515895395981432, 'batch_size': 256, 'w_integration': 2.923644807825143, 'w_levelset': 0.04837599836092731, 'w_separation': 0.08338753647123925, 'threshold_factor': 0.09701962266454675}. Best is trial 28 with value: 0.001093342958483845.
[I 2025-03-07 14:27:09,723] Trial 43 pruned. 
[I 2025-03-07 14:27:13,412] Trial 44 pruned. 
[I 2025-03-07 14:27:17,239] Trial 45 pruned. 
[I 2025-03-07 14:27:20,899] Trial 46 pruned. 
[I 2025-03-07 14:27:24,608] Trial 47 pruned. 
[I 2025-03-07 14:27:28,410] Trial 48 pruned. 
[I 2025-03-07 14:27:32,055] Trial 49 pruned. 
[I 2025-03-07 14:27:35,831] Trial 50 pruned. 
[I 2025-03-07 14:27:42,047] Trial 51 pruned. 
[I 2025-03-07 14:35:47,533] Trial 52 finished with value: 0.0014940261940604874 and parameters: {'num_shared_layers': 5, 'hidden_dim': 256, 'output_dim': 1024, 'max_output_len': 16, 'dropout_rate': 0.10554633053900989, 'lr': 0.0069321868135634734, 'weight_decay': 0.003347891116176627, 'batch_size': 256, 'w_integration': 1.738864452432448, 'w_levelset': 0.03309280351646532, 'w_separation': 0.0808228576842267, 'threshold_factor': 0.10191751820733995}. Best is trial 28 with value: 0.001093342958483845.
[I 2025-03-07 14:35:51,255] Trial 53 pruned. 
[I 2025-03-07 14:35:54,931] Trial 54 pruned. 
[I 2025-03-07 14:35:58,746] Trial 55 pruned. 
[I 2025-03-07 14:36:02,508] Trial 56 pruned. 
[I 2025-03-07 14:36:06,317] Trial 57 pruned. 
[I 2025-03-07 14:36:10,124] Trial 58 pruned. 
[I 2025-03-07 14:36:13,942] Trial 59 pruned. 
[I 2025-03-07 14:36:17,599] Trial 60 pruned. 
[I 2025-03-07 14:44:21,926] Trial 61 finished with value: 0.0024271974938788582 and parameters: {'num_shared_layers': 5, 'hidden_dim': 256, 'output_dim': 1024, 'max_output_len': 16, 'dropout_rate': 0.16889635195894698, 'lr': 0.004319178753785538, 'weight_decay': 0.0015146373057273353, 'batch_size': 256, 'w_integration': 2.177303147336913, 'w_levelset': 0.0007198117064168368, 'w_separation': 0.001951765870613446, 'threshold_factor': 0.1027000793021526}. Best is trial 28 with value: 0.001093342958483845.
[I 2025-03-07 14:44:25,574] Trial 62 pruned. 
[I 2025-03-07 14:44:31,630] Trial 63 pruned. 
[I 2025-03-07 14:44:35,293] Trial 64 pruned. 
[I 2025-03-07 14:44:39,213] Trial 65 pruned. 
[I 2025-03-07 14:44:42,875] Trial 66 pruned. 
[I 2025-03-07 14:44:46,679] Trial 67 pruned. 
[I 2025-03-07 14:44:50,257] Trial 68 pruned. 
[I 2025-03-07 14:44:54,142] Trial 69 pruned. 
[I 2025-03-07 14:44:57,717] Trial 70 pruned. 
