[I 2025-03-05 15:15:48,561] Trial 77 finished with value: 0.000413379049859941 and parameters: {'num_shared_layers': 5, 'hidden_dim': 256, 'output_dim': 512, 'dropout_rate': 0.28842721301944707, 'lr': 0.0005221021730078376, 'weight_decay': 0.0001308052246329024, 'batch_size': 256, 'max_output_len': 16, 'w_integration': 0.033420688411307485, 'w_levelset': 0.07314889395477367, 'w_separation': 0.3732368550510607, 'threshold_factor': 0.012866894684534676}. Best is trial 68 with value: 0.00015254048048518598.
[I 2025-03-05 15:15:54,658] Trial 78 pruned. 
[I 2025-03-05 15:16:01,029] Trial 79 pruned. 
[I 2025-03-05 15:16:23,896] Trial 80 pruned. 
[I 2025-03-05 15:30:30,212] Trial 81 finished with value: 0.0003096360679981964 and parameters: {'num_shared_layers': 5, 'hidden_dim': 256, 'output_dim': 512, 'dropout_rate': 0.4044652802370151, 'lr': 0.0007673094999586502, 'weight_decay': 0.00018701651429742013, 'batch_size': 256, 'max_output_len': 16, 'w_integration': 0.008509957366748405, 'w_levelset': 0.06992829119804972, 'w_separation': 0.33056053562580645, 'threshold_factor': 0.019315940655326824}. Best is trial 68 with value: 0.00015254048048518598.
[I 2025-03-05 15:44:32,087] Trial 82 finished with value: 0.0001186055555340967 and parameters: {'num_shared_layers': 5, 'hidden_dim': 256, 'output_dim': 512, 'dropout_rate': 0.40460114998356306, 'lr': 0.0005577061327620307, 'weight_decay': 0.00011148684307691789, 'batch_size': 256, 'max_output_len': 16, 'w_integration': 0.008889092647839186, 'w_levelset': 0.024280991240010798, 'w_separation': 0.267959184115362, 'threshold_factor': 0.00916578492387743}. Best is trial 82 with value: 0.0001186055555340967.
[I 2025-03-05 15:58:34,855] Trial 83 finished with value: 0.00012590297202612937 and parameters: {'num_shared_layers': 5, 'hidden_dim': 256, 'output_dim': 512, 'dropout_rate': 0.4022658032515339, 'lr': 0.0005014984804013981, 'weight_decay': 0.00011136227203726361, 'batch_size': 256, 'max_output_len': 16, 'w_integration': 0.0013435041140989765, 'w_levelset': 0.029274553550648168, 'w_separation': 0.2808058187201563, 'threshold_factor': 0.008053203905976955}. Best is trial 82 with value: 0.0001186055555340967.
[I 2025-03-05 15:59:18,746] Trial 84 pruned. 
[I 2025-03-05 16:13:23,606] Trial 85 finished with value: 0.00013950590489132862 and parameters: {'num_shared_layers': 5, 'hidden_dim': 256, 'output_dim': 512, 'dropout_rate': 0.43883598510652444, 'lr': 0.0004994061020219391, 'weight_decay': 0.00018612396973720642, 'batch_size': 256, 'max_output_len': 16, 'w_integration': 0.009238894413757477, 'w_levelset': 0.03220695648365427, 'w_separation': 0.3312536025371655, 'threshold_factor': 0.017900897723716752}. Best is trial 82 with value: 0.0001186055555340967.
[I 2025-03-05 16:13:29,710] Trial 86 pruned. 
[I 2025-03-05 16:13:35,765] Trial 87 pruned. 
[I 2025-03-05 16:27:40,968] Trial 88 finished with value: 0.0006536455143110029 and parameters: {'num_shared_layers': 5, 'hidden_dim': 256, 'output_dim': 1024, 'dropout_rate': 0.44819529228438404, 'lr': 0.00118444275053226, 'weight_decay': 0.0002435960238372856, 'batch_size': 256, 'max_output_len': 16, 'w_integration': 0.0009139168559582872, 'w_levelset': 0.038289118518356105, 'w_separation': 0.32834303185114827, 'threshold_factor': 0.018282821124086038}. Best is trial 82 with value: 0.0001186055555340967.
[I 2025-03-05 16:27:47,101] Trial 89 pruned. 
[I 2025-03-05 16:28:10,282] Trial 90 pruned. 
[I 2025-03-05 16:28:16,562] Trial 91 pruned. 
[I 2025-03-05 16:28:22,798] Trial 92 pruned. 
[I 2025-03-05 16:28:28,912] Trial 93 pruned. 
[I 2025-03-05 16:28:35,110] Trial 94 pruned. 
[I 2025-03-05 16:28:41,314] Trial 95 pruned. 
[I 2025-03-05 16:28:47,517] Trial 96 pruned. 
[I 2025-03-05 16:28:53,656] Trial 97 pruned. 
[I 2025-03-05 16:28:59,856] Trial 98 pruned. 
[I 2025-03-05 16:29:05,968] Trial 99 pruned. 
[I 2025-03-05 16:41:56,996] Trial 100 pruned. 
[I 2025-03-05 16:56:01,700] Trial 101 finished with value: 0.00037560836894304624 and parameters: {'num_shared_layers': 5, 'hidden_dim': 256, 'output_dim': 512, 'dropout_rate': 0.450472383707466, 'lr': 0.0011485884233724134, 'weight_decay': 0.0002590922551738177, 'batch_size': 256, 'max_output_len': 16, 'w_integration': 0.00378887715647122, 'w_levelset': 0.04773217905253351, 'w_separation': 0.324972364200507, 'threshold_factor': 0.019465022468769997}. Best is trial 82 with value: 0.0001186055555340967.
[I 2025-03-05 16:56:07,867] Trial 102 pruned. 
[I 2025-03-05 16:56:14,040] Trial 103 pruned. 
[I 2025-03-05 16:56:24,454] Trial 104 pruned. 
[I 2025-03-05 16:56:30,674] Trial 105 pruned. 
[I 2025-03-05 17:10:37,985] Trial 106 finished with value: 0.0009732641296328179 and parameters: {'num_shared_layers': 5, 'hidden_dim': 256, 'output_dim': 512, 'dropout_rate': 0.4671996881435473, 'lr': 0.0015903500734050194, 'weight_decay': 0.00015678985998170028, 'batch_size': 256, 'max_output_len': 16, 'w_integration': 0.001004209634346279, 'w_levelset': 0.07722356592376252, 'w_separation': 0.4154440611415907, 'threshold_factor': 0.03669934577750277}. Best is trial 82 with value: 0.0001186055555340967.
[I 2025-03-05 17:10:44,124] Trial 107 pruned. 
[I 2025-03-05 17:10:50,379] Trial 108 pruned. 
[I 2025-03-05 17:10:56,636] Trial 109 pruned. 
[I 2025-03-05 17:11:02,734] Trial 110 pruned. 
[I 2025-03-05 17:25:06,943] Trial 111 finished with value: 0.00047220796113833785 and parameters: {'num_shared_layers': 5, 'hidden_dim': 256, 'output_dim': 1024, 'dropout_rate': 0.44404582469087894, 'lr': 0.0014220363480863616, 'weight_decay': 0.0002386646757974664, 'batch_size': 256, 'max_output_len': 16, 'w_integration': 0.0052633834119337804, 'w_levelset': 0.04130726209149675, 'w_separation': 0.3365196925570757, 'threshold_factor': 0.017115214903686823}. Best is trial 82 with value: 0.0001186055555340967.
[I 2025-03-05 17:25:13,119] Trial 112 pruned. 
[I 2025-03-05 17:25:19,284] Trial 113 pruned. 
[I 2025-03-05 17:25:29,763] Trial 114 pruned. 
[I 2025-03-05 17:39:34,842] Trial 115 finished with value: 0.0048555291972921365 and parameters: {'num_shared_layers': 5, 'hidden_dim': 256, 'output_dim': 1024, 'dropout_rate': 0.40465116058523726, 'lr': 0.0026830301515099503, 'weight_decay': 0.00012263714167802837, 'batch_size': 256, 'max_output_len': 16, 'w_integration': 0.00033309433664769185, 'w_levelset': 0.10465328662172999, 'w_separation': 0.2120993936149902, 'threshold_factor': 0.004549895283660678}. Best is trial 82 with value: 0.0001186055555340967.
[I 2025-03-05 17:39:40,936] Trial 116 pruned. 
[I 2025-03-05 17:39:47,168] Trial 117 pruned. 
[I 2025-03-05 17:39:53,509] Trial 118 pruned. 
[I 2025-03-05 17:39:59,641] Trial 119 pruned. 
[I 2025-03-05 17:40:05,916] Trial 120 pruned. 
[I 2025-03-05 17:54:11,019] Trial 121 finished with value: 0.00027770739065350166 and parameters: {'num_shared_layers': 5, 'hidden_dim': 256, 'output_dim': 1024, 'dropout_rate': 0.44447375104485276, 'lr': 0.0017334378958769, 'weight_decay': 0.00022217063036609005, 'batch_size': 256, 'max_output_len': 16, 'w_integration': 0.01688203156518383, 'w_levelset': 0.040322716538742795, 'w_separation': 0.3117414347166527, 'threshold_factor': 0.0173887229945738}. Best is trial 82 with value: 0.0001186055555340967.
[I 2025-03-05 18:08:19,073] Trial 122 finished with value: 0.0002810858526832557 and parameters: {'num_shared_layers': 5, 'hidden_dim': 256, 'output_dim': 1024, 'dropout_rate': 0.44395436182991294, 'lr': 0.0016251181566860817, 'weight_decay': 0.00021650835036766906, 'batch_size': 256, 'max_output_len': 16, 'w_integration': 0.017335922617897147, 'w_levelset': 0.027795218927380537, 'w_separation': 0.3166145502051748, 'threshold_factor': 0.00791597266213098}. Best is trial 82 with value: 0.0001186055555340967.
[I 2025-03-05 18:09:03,044] Trial 123 pruned. 
[I 2025-03-05 18:09:09,274] Trial 124 pruned. 
[I 2025-03-05 18:09:15,629] Trial 125 pruned. 
[I 2025-03-05 18:09:21,763] Trial 126 pruned. 
[I 2025-03-05 18:09:32,049] Trial 127 pruned. 
[I 2025-03-05 18:09:38,188] Trial 128 pruned. 
[I 2025-03-05 18:09:44,455] Trial 129 pruned. 
[I 2025-03-05 18:09:50,602] Trial 130 pruned. 
[I 2025-03-05 18:20:07,831] Trial 131 pruned. 
[I 2025-03-05 18:34:11,047] Trial 132 finished with value: 0.0002871373186020979 and parameters: {'num_shared_layers': 5, 'hidden_dim': 256, 'output_dim': 1024, 'dropout_rate': 0.45029985252379295, 'lr': 0.0015520597043102784, 'weight_decay': 0.00028851578539406466, 'batch_size': 256, 'max_output_len': 16, 'w_integration': 0.017301522008671764, 'w_levelset': 0.014450276350687082, 'w_separation': 0.35615288160957637, 'threshold_factor': 0.014123071167001552}. Best is trial 82 with value: 0.0001186055555340967.
[I 2025-03-05 18:34:42,447] Trial 133 pruned. 
[I 2025-03-05 18:34:48,727] Trial 134 pruned. 
[I 2025-03-05 18:34:54,868] Trial 135 pruned. 
[I 2025-03-05 18:35:01,068] Trial 136 pruned. 
[I 2025-03-05 18:35:07,185] Trial 137 pruned. 
[I 2025-03-05 18:35:13,368] Trial 138 pruned. 
[I 2025-03-05 18:35:27,787] Trial 139 pruned. 
[I 2025-03-05 18:35:34,008] Trial 140 pruned. 
[I 2025-03-05 18:49:36,235] Trial 141 finished with value: 0.0004251694107162101 and parameters: {'num_shared_layers': 5, 'hidden_dim': 256, 'output_dim': 1024, 'dropout_rate': 0.44528360351180185, 'lr': 0.0010662563849945527, 'weight_decay': 0.00022918279343392027, 'batch_size': 256, 'max_output_len': 16, 'w_integration': 0.00042366680091952564, 'w_levelset': 0.04408240455030279, 'w_separation': 0.338529080300292, 'threshold_factor': 0.016367388263427183}. Best is trial 82 with value: 0.0001186055555340967.
[I 2025-03-05 18:49:42,315] Trial 142 pruned. 
[I 2025-03-05 18:49:48,482] Trial 143 pruned. 
[I 2025-03-05 18:49:54,633] Trial 144 pruned. 
[I 2025-03-05 18:50:01,047] Trial 145 pruned. 
[I 2025-03-05 18:58:14,505] Trial 146 pruned. 
[I 2025-03-05 18:58:20,537] Trial 147 pruned. 
[I 2025-03-05 18:58:26,826] Trial 148 pruned. 
[I 2025-03-05 18:58:32,967] Trial 149 pruned. 
