[I 2025-03-07 14:53:02,326] Trial 71 finished with value: 0.0024611408090484993 and parameters: {'num_shared_layers': 5, 'hidden_dim': 256, 'output_dim': 1024, 'max_output_len': 16, 'dropout_rate': 0.15644548454097934, 'lr': 0.0038900339444996727, 'weight_decay': 0.0005477200578107992, 'batch_size': 256, 'w_integration': 2.4122975216706832, 'w_levelset': 0.0016999115789301858, 'w_separation': 0.07407335847388309, 'threshold_factor': 0.09537698443288767}. Best is trial 28 with value: 0.001093342958483845.
[I 2025-03-07 14:53:05,931] Trial 72 pruned. 
[I 2025-03-07 14:53:09,839] Trial 73 pruned. 
[I 2025-03-07 14:53:13,544] Trial 74 pruned. 
[I 2025-03-07 14:53:17,303] Trial 75 pruned. 
[I 2025-03-07 14:53:20,885] Trial 76 pruned. 
[I 2025-03-07 14:53:27,045] Trial 77 pruned. 
[I 2025-03-07 14:53:30,610] Trial 78 pruned. 
[I 2025-03-07 14:53:34,309] Trial 79 pruned. 
[I 2025-03-07 14:53:38,085] Trial 80 pruned. 
[I 2025-03-07 14:53:41,782] Trial 81 pruned. 
[I 2025-03-07 14:53:55,293] Trial 82 pruned. 
[I 2025-03-07 15:01:57,677] Trial 83 finished with value: 0.004078751163823264 and parameters: {'num_shared_layers': 5, 'hidden_dim': 256, 'output_dim': 1024, 'max_output_len': 16, 'dropout_rate': 0.21671938899861973, 'lr': 0.004114339859735771, 'weight_decay': 0.0012215861775583857, 'batch_size': 256, 'w_integration': 2.418310089891986, 'w_levelset': 0.003161603722076063, 'w_separation': 0.0014898209298243002, 'threshold_factor': 0.09268961280630893}. Best is trial 28 with value: 0.001093342958483845.
[I 2025-03-07 15:02:11,023] Trial 84 pruned. 
[I 2025-03-07 15:02:14,704] Trial 85 pruned. 
[I 2025-03-07 15:02:18,666] Trial 86 pruned. 
[I 2025-03-07 15:02:22,289] Trial 87 pruned. 
[I 2025-03-07 15:02:26,143] Trial 88 pruned. 
[I 2025-03-07 15:02:37,090] Trial 89 pruned. 
[I 2025-03-07 15:02:40,950] Trial 90 pruned. 
[I 2025-03-07 15:02:44,644] Trial 91 pruned. 
[I 2025-03-07 15:02:48,468] Trial 92 pruned. 
[I 2025-03-07 15:02:52,140] Trial 93 pruned. 
[I 2025-03-07 15:02:55,859] Trial 94 pruned. 
[I 2025-03-07 15:03:01,010] Trial 95 pruned. 
[I 2025-03-07 15:03:04,708] Trial 96 pruned. 
[I 2025-03-07 15:03:08,550] Trial 97 pruned. 
[I 2025-03-07 15:03:13,102] Trial 98 pruned. 
[I 2025-03-07 15:03:16,787] Trial 99 pruned. 
[I 2025-03-07 15:03:20,655] Trial 100 pruned. 
[I 2025-03-07 15:03:24,313] Trial 101 pruned. 
[I 2025-03-07 15:03:28,249] Trial 102 pruned. 
[I 2025-03-07 15:03:31,937] Trial 103 pruned. 
[I 2025-03-07 15:03:38,206] Trial 104 pruned. 
[I 2025-03-07 15:03:42,017] Trial 105 pruned. 
[I 2025-03-07 15:03:45,858] Trial 106 pruned. 
[I 2025-03-07 15:03:49,546] Trial 107 pruned. 
[I 2025-03-07 15:03:53,330] Trial 108 pruned. 
[I 2025-03-07 15:03:57,144] Trial 109 pruned. 
[I 2025-03-07 15:04:03,369] Trial 110 pruned. 
[I 2025-03-07 15:04:07,157] Trial 111 pruned. 
[I 2025-03-07 15:04:10,956] Trial 112 pruned. 
[I 2025-03-07 15:04:14,769] Trial 113 pruned. 
[I 2025-03-07 15:04:18,618] Trial 114 pruned. 
[I 2025-03-07 15:04:22,312] Trial 115 pruned. 
[I 2025-03-07 15:04:26,137] Trial 116 pruned. 
[I 2025-03-07 15:04:32,163] Trial 117 pruned. 
[I 2025-03-07 15:04:35,882] Trial 118 pruned. 
[I 2025-03-07 15:04:39,600] Trial 119 pruned. 
[I 2025-03-07 15:04:43,314] Trial 120 pruned. 
[I 2025-03-07 15:04:47,034] Trial 121 pruned. 
[I 2025-03-07 15:04:53,088] Trial 122 pruned. 
[I 2025-03-07 15:04:56,878] Trial 123 pruned. 
[I 2025-03-07 15:05:00,858] Trial 124 pruned. 
[I 2025-03-07 15:05:04,443] Trial 125 pruned. 
[I 2025-03-07 15:05:08,311] Trial 126 pruned. 
[I 2025-03-07 15:05:14,499] Trial 127 pruned. 
[I 2025-03-07 15:05:18,195] Trial 128 pruned. 
[I 2025-03-07 15:05:22,015] Trial 129 pruned. 
[I 2025-03-07 15:05:27,951] Trial 130 pruned. 
[I 2025-03-07 15:05:31,691] Trial 131 pruned. 
[I 2025-03-07 15:05:42,378] Trial 132 pruned. 
[I 2025-03-07 15:05:46,122] Trial 133 pruned. 
[I 2025-03-07 15:05:49,954] Trial 134 pruned. 
[I 2025-03-07 15:05:53,770] Trial 135 pruned. 
[I 2025-03-07 15:05:57,597] Trial 136 pruned. 
[I 2025-03-07 15:06:01,425] Trial 137 pruned. 
[I 2025-03-07 15:06:05,198] Trial 138 pruned. 
[I 2025-03-07 15:06:08,987] Trial 139 pruned. 
[I 2025-03-07 15:06:12,846] Trial 140 pruned. 
[I 2025-03-07 15:06:16,455] Trial 141 pruned. 
[I 2025-03-07 15:06:20,293] Trial 142 pruned. 
[I 2025-03-07 15:06:23,982] Trial 143 pruned. 
[I 2025-03-07 15:06:27,732] Trial 144 pruned. 
[I 2025-03-07 15:06:31,591] Trial 145 pruned. 
[I 2025-03-07 15:14:40,129] Trial 146 finished with value: 0.00548072372164045 and parameters: {'num_shared_layers': 5, 'hidden_dim': 256, 'output_dim': 1024, 'max_output_len': 16, 'dropout_rate': 0.30497356024235833, 'lr': 0.006023267171646521, 'weight_decay': 0.001073961110799015, 'batch_size': 256, 'w_integration': 1.8293536888750492, 'w_levelset': 0.0005999198379143952, 'w_separation': 0.03445660611255045, 'threshold_factor': 0.05386894432159641}. Best is trial 28 with value: 0.001093342958483845.
[I 2025-03-07 15:14:43,856] Trial 147 pruned. 
[I 2025-03-07 15:14:47,799] Trial 148 pruned. 
[I 2025-03-07 15:14:51,514] Trial 149 pruned. 
