Lmod: loading gcc 8.5.0 
Lmod: loading cuda 11.8 
Tue Mar  4 16:32:42 2025       
+-----------------------------------------------------------------------------------------+
| NVIDIA-SMI 555.42.02              Driver Version: 555.42.02      CUDA Version: 12.5     |
|-----------------------------------------+------------------------+----------------------+
| GPU  Name                 Persistence-M | Bus-Id          Disp.A | Volatile Uncorr. ECC |
| Fan  Temp   Perf          Pwr:Usage/Cap |           Memory-Usage | GPU-Util  Compute M. |
|                                         |                        |               MIG M. |
|=========================================+========================+======================|
|   0  NVIDIA A100-SXM4-40GB          On  |   00000000:47:00.0 Off |                    0 |
| N/A   31C    P0             56W /  400W |       1MiB /  40960MiB |      0%      Default |
|                                         |                        |             Disabled |
+-----------------------------------------+------------------------+----------------------+
                                                                                         
+-----------------------------------------------------------------------------------------+
| Processes:                                                                              |
|  GPU   GI   CI        PID   Type   Process name                              GPU Memory |
|        ID   ID                                                               Usage      |
|=========================================================================================|
|  No running processes found                                                             |
+-----------------------------------------------------------------------------------------+
[I 2025-03-04 16:33:03,355] A new study created in memory with name: no-name-148a1ca8-98d3-45bf-8c0a-be3803b96e95
/work/home/ng66sume/MasterThesis/Scripts/FNN_V5/loss_hyperparameter.py:263: FutureWarning: suggest_uniform has been deprecated in v3.0.0. This feature will be removed in v6.0.0. See https://github.com/optuna/optuna/releases/tag/v3.0.0. Use suggest_float instead.
  w_integration = trial.suggest_uniform("w_integration", 0, 1.0)
/work/home/ng66sume/MasterThesis/Scripts/FNN_V5/loss_hyperparameter.py:264: FutureWarning: suggest_uniform has been deprecated in v3.0.0. This feature will be removed in v6.0.0. See https://github.com/optuna/optuna/releases/tag/v3.0.0. Use suggest_float instead.
  w_levelset = trial.suggest_uniform("w_levelset", 0, 1.0)
/work/home/ng66sume/MasterThesis/Scripts/FNN_V5/loss_hyperparameter.py:265: FutureWarning: suggest_uniform has been deprecated in v3.0.0. This feature will be removed in v6.0.0. See https://github.com/optuna/optuna/releases/tag/v3.0.0. Use suggest_float instead.
  w_separation = trial.suggest_uniform("w_separation", 0, 1.0)
/work/home/ng66sume/MasterThesis/Scripts/FNN_V5/loss_hyperparameter.py:266: FutureWarning: suggest_uniform has been deprecated in v3.0.0. This feature will be removed in v6.0.0. See https://github.com/optuna/optuna/releases/tag/v3.0.0. Use suggest_float instead.
  threshold_factor = trial.suggest_uniform("threshold_factor", 0, 0.2)
/work/home/ng66sume/MasterThesis/Scripts/FNN_V5/multidataloader_fnn.py:38: FutureWarning: You are using `torch.load` with `weights_only=False` (the current default value), which uses the default pickle module implicitly. It is possible to construct malicious pickle data which will execute arbitrary code during unpickling (See https://github.com/pytorch/pytorch/blob/main/SECURITY.md#untrusted-models for more details). In a future release, the default value for `weights_only` will be flipped to `True`. This limits the functions that could be executed during unpickling. Arbitrary objects will no longer be allowed to be loaded via this mode unless they are explicitly allowlisted by the user via `torch.serialization.add_safe_globals`. We recommend you start setting `weights_only=True` for any use case where you don't have full control of the loaded file. Please open an issue on GitHub for any issues related to this experimental feature.
  chunk_data = torch.load(chunk_file)
[I 2025-03-04 16:46:19,102] Trial 0 finished with value: 0.7804547207696098 and parameters: {'w_integration': 0.18267537125712396, 'w_levelset': 0.15802713513719213, 'w_separation': 0.9560933298780173, 'threshold_factor': 0.05590517299449618}. Best is trial 0 with value: 0.7804547207696098.
/work/home/ng66sume/MasterThesis/Scripts/FNN_V5/loss_hyperparameter.py:263: FutureWarning: suggest_uniform has been deprecated in v3.0.0. This feature will be removed in v6.0.0. See https://github.com/optuna/optuna/releases/tag/v3.0.0. Use suggest_float instead.
  w_integration = trial.suggest_uniform("w_integration", 0, 1.0)
/work/home/ng66sume/MasterThesis/Scripts/FNN_V5/loss_hyperparameter.py:264: FutureWarning: suggest_uniform has been deprecated in v3.0.0. This feature will be removed in v6.0.0. See https://github.com/optuna/optuna/releases/tag/v3.0.0. Use suggest_float instead.
  w_levelset = trial.suggest_uniform("w_levelset", 0, 1.0)
/work/home/ng66sume/MasterThesis/Scripts/FNN_V5/loss_hyperparameter.py:265: FutureWarning: suggest_uniform has been deprecated in v3.0.0. This feature will be removed in v6.0.0. See https://github.com/optuna/optuna/releases/tag/v3.0.0. Use suggest_float instead.
  w_separation = trial.suggest_uniform("w_separation", 0, 1.0)
/work/home/ng66sume/MasterThesis/Scripts/FNN_V5/loss_hyperparameter.py:266: FutureWarning: suggest_uniform has been deprecated in v3.0.0. This feature will be removed in v6.0.0. See https://github.com/optuna/optuna/releases/tag/v3.0.0. Use suggest_float instead.
  threshold_factor = trial.suggest_uniform("threshold_factor", 0, 0.2)
[I 2025-03-04 16:59:42,110] Trial 1 finished with value: 2.070159537451608 and parameters: {'w_integration': 0.56968285415683, 'w_levelset': 0.4060681297188199, 'w_separation': 0.7557907841774265, 'threshold_factor': 0.17015727684663043}. Best is trial 0 with value: 0.7804547207696098.
[I 2025-03-04 17:13:19,165] Trial 2 finished with value: 0.011223713800843273 and parameters: {'w_integration': 0.971932698727357, 'w_levelset': 0.9559724638651449, 'w_separation': 0.883713742396504, 'threshold_factor': 0.05090589330985976}. Best is trial 2 with value: 0.011223713800843273.
[I 2025-03-04 17:26:52,378] Trial 3 finished with value: 0.007278787238257272 and parameters: {'w_integration': 0.4608336694561306, 'w_levelset': 0.866928287955193, 'w_separation': 0.4483297698594828, 'threshold_factor': 0.07653712584351241}. Best is trial 3 with value: 0.007278787238257272.
[I 2025-03-04 17:40:25,027] Trial 4 finished with value: 0.00810167649095612 and parameters: {'w_integration': 0.3149080509518274, 'w_levelset': 0.49641983942125345, 'w_separation': 0.5843593181135844, 'threshold_factor': 0.17758776440062124}. Best is trial 3 with value: 0.007278787238257272.
[I 2025-03-04 17:40:30,892] Trial 5 pruned. 
[I 2025-03-04 17:40:36,879] Trial 6 pruned. 
[I 2025-03-04 17:40:51,007] Trial 7 pruned. 
[I 2025-03-04 17:41:13,385] Trial 8 pruned. 
[I 2025-03-04 17:54:47,516] Trial 9 finished with value: 0.004106791556945869 and parameters: {'w_integration': 0.6099300285105641, 'w_levelset': 0.44170908636072204, 'w_separation': 0.2522618490623719, 'threshold_factor': 0.012606945735412968}. Best is trial 9 with value: 0.004106791556945869.
[I 2025-03-04 17:54:53,674] Trial 10 pruned. 
[I 2025-03-04 17:54:59,702] Trial 11 pruned. 
[I 2025-03-04 17:55:05,893] Trial 12 pruned. 
[I 2025-03-04 17:55:20,451] Trial 13 pruned. 
[I 2025-03-04 17:55:26,673] Trial 14 pruned. 
[I 2025-03-04 17:55:49,293] Trial 15 pruned. 
[I 2025-03-04 17:55:59,458] Trial 16 pruned. 
[I 2025-03-04 17:56:05,719] Trial 17 pruned. 
[I 2025-03-04 17:56:11,774] Trial 18 pruned. 
[I 2025-03-04 17:56:18,057] Trial 19 pruned. 
[I 2025-03-04 17:56:40,611] Trial 20 pruned. 
[I 2025-03-04 18:10:26,514] Trial 21 finished with value: 0.007169155703325357 and parameters: {'w_integration': 0.3214409368830955, 'w_levelset': 0.4816310030550244, 'w_separation': 0.5494397675470235, 'threshold_factor': 0.19444800413999774}. Best is trial 9 with value: 0.004106791556945869.
[I 2025-03-04 18:10:32,478] Trial 22 pruned. 
[I 2025-03-04 18:24:11,092] Trial 23 finished with value: 0.0026279952975788285 and parameters: {'w_integration': 0.365111902388645, 'w_levelset': 0.16627895978291513, 'w_separation': 0.41574458595764135, 'threshold_factor': 0.02285645732727979}. Best is trial 23 with value: 0.0026279952975788285.
[I 2025-03-04 18:37:47,290] Trial 24 finished with value: 0.0010830622715210275 and parameters: {'w_integration': 0.089408680363679, 'w_levelset': 0.10602961905571848, 'w_separation': 0.6798769025593554, 'threshold_factor': 0.01967509877073377}. Best is trial 24 with value: 0.0010830622715210275.
