[I 2025-03-10 20:17:25,924] Trial 100 pruned. 
[I 2025-03-10 20:18:27,290] Trial 101 pruned. 
[I 2025-03-10 20:18:35,902] Trial 102 pruned. 
[I 2025-03-10 20:18:39,574] Trial 103 pruned. 
[I 2025-03-10 20:18:57,654] Trial 104 pruned. 
[I 2025-03-10 20:19:01,519] Trial 105 pruned. 
[I 2025-03-10 20:19:05,124] Trial 106 pruned. 
[I 2025-03-10 20:19:18,575] Trial 107 pruned. 
[I 2025-03-10 20:19:22,262] Trial 108 pruned. 
[I 2025-03-10 20:19:26,087] Trial 109 pruned. 
[I 2025-03-10 20:19:29,692] Trial 110 pruned. 
[I 2025-03-10 20:19:45,647] Trial 111 pruned. 
[I 2025-03-10 20:20:47,273] Trial 112 pruned. 
[I 2025-03-10 20:20:53,621] Trial 113 pruned. 
[I 2025-03-10 20:20:59,718] Trial 114 pruned. 
[I 2025-03-10 20:21:03,565] Trial 115 pruned. 
[I 2025-03-10 20:21:07,140] Trial 116 pruned. 
[I 2025-03-10 20:21:13,163] Trial 117 pruned. 
[I 2025-03-10 20:21:19,340] Trial 118 pruned. 
[I 2025-03-10 20:21:23,127] Trial 119 pruned. 
[I 2025-03-10 20:21:26,874] Trial 120 pruned. 
[I 2025-03-10 20:33:27,316] Trial 121 finished with value: 0.0006697315714388553 and parameters: {'num_shared_layers': 2, 'hidden_dim': 1024, 'output_dim': 1024, 'max_output_len': 16, 'dropout_rate': 0.09027709088932617, 'lr': 0.0036148041794129104, 'weight_decay': 0.004363549262432851, 'batch_size': 256, 'w_levelset': 0.2959222697499059, 'w_separation': 0.12355267914082382, 'threshold_factor': 0.09567777134102373}. Best is trial 13 with value: 0.00047408807482237795.
[I 2025-03-10 20:33:31,039] Trial 122 pruned. 
[I 2025-03-10 20:33:39,582] Trial 123 pruned. 
[I 2025-03-10 20:45:43,636] Trial 124 finished with value: 0.0025258257436299963 and parameters: {'num_shared_layers': 2, 'hidden_dim': 1024, 'output_dim': 1024, 'max_output_len': 16, 'dropout_rate': 0.09800545293923624, 'lr': 0.004235111020744998, 'weight_decay': 0.003462178587427534, 'batch_size': 256, 'w_levelset': 0.29234429617109553, 'w_separation': 0.09997891658586168, 'threshold_factor': 0.09379451771482016}. Best is trial 13 with value: 0.00047408807482237795.
[I 2025-03-10 20:45:52,063] Trial 125 pruned. 
[I 2025-03-10 20:45:55,755] Trial 126 pruned. 
[I 2025-03-10 20:45:59,612] Trial 127 pruned. 
[I 2025-03-10 20:46:05,786] Trial 128 pruned. 
[I 2025-03-10 20:46:09,561] Trial 129 pruned. 
[I 2025-03-10 20:46:18,163] Trial 130 pruned. 
[I 2025-03-10 20:58:14,229] Trial 131 finished with value: 0.0011657320927562459 and parameters: {'num_shared_layers': 2, 'hidden_dim': 1024, 'output_dim': 1024, 'max_output_len': 16, 'dropout_rate': 0.09294566571891792, 'lr': 0.003344900980331322, 'weight_decay': 0.004475565124994346, 'batch_size': 256, 'w_levelset': 0.30647536996348357, 'w_separation': 0.12577682666078024, 'threshold_factor': 0.10289710133102739}. Best is trial 13 with value: 0.00047408807482237795.
[I 2025-03-10 20:58:22,460] Trial 132 pruned. 
[I 2025-03-10 21:10:20,909] Trial 133 finished with value: 0.0009067576112491744 and parameters: {'num_shared_layers': 2, 'hidden_dim': 1024, 'output_dim': 1024, 'max_output_len': 16, 'dropout_rate': 0.038364891197623735, 'lr': 0.0036349085453940035, 'weight_decay': 4.575633269007805e-05, 'batch_size': 256, 'w_levelset': 0.3021874144506299, 'w_separation': 0.21238563712028927, 'threshold_factor': 0.09542908733362705}. Best is trial 13 with value: 0.00047408807482237795.
[I 2025-03-10 21:22:26,022] Trial 134 finished with value: 0.0011038180673494935 and parameters: {'num_shared_layers': 2, 'hidden_dim': 1024, 'output_dim': 1024, 'max_output_len': 16, 'dropout_rate': 0.11086370458458233, 'lr': 0.0029657471158806067, 'weight_decay': 5.434729440452228e-05, 'batch_size': 256, 'w_levelset': 0.27053740507933477, 'w_separation': 0.20942045087764724, 'threshold_factor': 0.09572577750878164}. Best is trial 13 with value: 0.00047408807482237795.
[I 2025-03-10 21:34:31,015] Trial 135 finished with value: 0.0010565423331822135 and parameters: {'num_shared_layers': 2, 'hidden_dim': 1024, 'output_dim': 1024, 'max_output_len': 16, 'dropout_rate': 0.10232086617065178, 'lr': 0.0029972913943754785, 'weight_decay': 4.098863779505233e-05, 'batch_size': 256, 'w_levelset': 0.2835243405550764, 'w_separation': 0.21985025099511235, 'threshold_factor': 0.1005544613789044}. Best is trial 13 with value: 0.00047408807482237795.
[I 2025-03-10 21:34:53,991] Trial 136 pruned. 
[I 2025-03-10 21:46:59,693] Trial 137 finished with value: 0.0009883672298331345 and parameters: {'num_shared_layers': 2, 'hidden_dim': 1024, 'output_dim': 1024, 'max_output_len': 16, 'dropout_rate': 0.11116605200504726, 'lr': 0.002595619347409704, 'weight_decay': 6.600418168390247e-05, 'batch_size': 256, 'w_levelset': 0.28450276200522673, 'w_separation': 0.23358955179272856, 'threshold_factor': 0.0944331883575069}. Best is trial 13 with value: 0.00047408807482237795.
[I 2025-03-10 21:59:05,213] Trial 138 finished with value: 0.0007339775578917138 and parameters: {'num_shared_layers': 2, 'hidden_dim': 1024, 'output_dim': 1024, 'max_output_len': 16, 'dropout_rate': 0.16235081095928672, 'lr': 0.0026135169777287376, 'weight_decay': 6.091450077802212e-05, 'batch_size': 256, 'w_levelset': 0.2802054064856716, 'w_separation': 0.25040243864904566, 'threshold_factor': 0.10405898874512695}. Best is trial 13 with value: 0.00047408807482237795.
[I 2025-03-10 21:59:08,943] Trial 139 pruned. 
[I 2025-03-10 21:59:24,789] Trial 140 pruned. 
[I 2025-03-10 22:11:32,772] Trial 141 finished with value: 0.0009457734163983592 and parameters: {'num_shared_layers': 2, 'hidden_dim': 1024, 'output_dim': 1024, 'max_output_len': 16, 'dropout_rate': 0.11005054258803404, 'lr': 0.003493590742165239, 'weight_decay': 7.632248750492741e-05, 'batch_size': 256, 'w_levelset': 0.3081989257461891, 'w_separation': 0.18125752732495476, 'threshold_factor': 0.10440227268937899}. Best is trial 13 with value: 0.00047408807482237795.
[I 2025-03-10 22:11:41,318] Trial 142 pruned. 
[I 2025-03-10 22:11:47,533] Trial 143 pruned. 
[I 2025-03-10 22:23:52,396] Trial 144 finished with value: 0.0007940925965418241 and parameters: {'num_shared_layers': 2, 'hidden_dim': 1024, 'output_dim': 1024, 'max_output_len': 16, 'dropout_rate': 0.11188559197703467, 'lr': 0.0025614025476029686, 'weight_decay': 2.9072472343768826e-05, 'batch_size': 256, 'w_levelset': 0.22264997444024337, 'w_separation': 0.22647814069733935, 'threshold_factor': 0.11192617930418458}. Best is trial 13 with value: 0.00047408807482237795.
[I 2025-03-10 22:35:58,107] Trial 145 finished with value: 0.000941312505996653 and parameters: {'num_shared_layers': 2, 'hidden_dim': 1024, 'output_dim': 1024, 'max_output_len': 16, 'dropout_rate': 0.15988775660466345, 'lr': 0.0025452353943682584, 'weight_decay': 1.851208340890802e-05, 'batch_size': 256, 'w_levelset': 0.23801163233217407, 'w_separation': 0.2062594946128793, 'threshold_factor': 0.11427427285680897}. Best is trial 13 with value: 0.00047408807482237795.
[I 2025-03-10 22:36:01,864] Trial 146 pruned. 
[I 2025-03-10 22:48:07,839] Trial 147 finished with value: 0.0006445900154566127 and parameters: {'num_shared_layers': 2, 'hidden_dim': 1024, 'output_dim': 1024, 'max_output_len': 16, 'dropout_rate': 0.19578322184074692, 'lr': 0.0024612536490434154, 'weight_decay': 3.156022048582134e-05, 'batch_size': 256, 'w_levelset': 0.22303682868420477, 'w_separation': 0.22324432184635226, 'threshold_factor': 0.1197347812457956}. Best is trial 13 with value: 0.00047408807482237795.
[I 2025-03-10 22:48:11,497] Trial 148 pruned. 
[I 2025-03-10 22:48:15,144] Trial 149 pruned. 
[I 2025-03-10 22:48:21,204] Trial 150 pruned. 
[I 2025-03-10 22:48:29,736] Trial 151 pruned. 
[I 2025-03-10 22:48:38,443] Trial 152 pruned. 
[I 2025-03-10 22:48:44,569] Trial 153 pruned. 
[I 2025-03-10 22:48:50,781] Trial 154 pruned. 
[I 2025-03-10 22:48:54,481] Trial 155 pruned. 
[I 2025-03-10 22:48:58,168] Trial 156 pruned. 
[I 2025-03-10 22:49:01,961] Trial 157 pruned. 
[I 2025-03-10 22:49:05,738] Trial 158 pruned. 
[I 2025-03-10 22:49:09,544] Trial 159 pruned. 
[I 2025-03-10 22:49:13,355] Trial 160 pruned. 
[I 2025-03-10 22:49:29,315] Trial 161 pruned. 
[I 2025-03-10 22:49:45,241] Trial 162 pruned. 
[I 2025-03-10 22:49:48,909] Trial 163 pruned. 
[I 2025-03-10 22:50:04,864] Trial 164 pruned. 
[I 2025-03-10 22:50:08,590] Trial 165 pruned. 
[I 2025-03-10 22:50:14,823] Trial 166 pruned. 
[I 2025-03-10 22:50:18,479] Trial 167 pruned. 
[I 2025-03-10 22:50:24,830] Trial 168 pruned. 
[I 2025-03-10 22:50:28,444] Trial 169 pruned. 
[I 2025-03-10 22:50:32,212] Trial 170 pruned. 
[I 2025-03-10 22:50:35,898] Trial 171 pruned. 
[I 2025-03-10 22:50:39,681] Trial 172 pruned. 
[I 2025-03-10 22:59:21,387] Trial 173 pruned. 
[I 2025-03-10 22:59:27,419] Trial 174 pruned. 
[I 2025-03-10 23:11:37,348] Trial 175 finished with value: 0.0012644332101834671 and parameters: {'num_shared_layers': 2, 'hidden_dim': 1024, 'output_dim': 1024, 'max_output_len': 16, 'dropout_rate': 0.030395057595332127, 'lr': 0.0032811951130220086, 'weight_decay': 2.372618227020493e-05, 'batch_size': 256, 'w_levelset': 0.28543155218857985, 'w_separation': 0.21859026915244315, 'threshold_factor': 0.10647041539370297}. Best is trial 13 with value: 0.00047408807482237795.
[I 2025-03-10 23:11:41,011] Trial 176 pruned. 
[I 2025-03-10 23:11:44,804] Trial 177 pruned. 
[I 2025-03-10 23:11:48,623] Trial 178 pruned. 
[I 2025-03-10 23:11:52,496] Trial 179 pruned. 
[I 2025-03-10 23:11:58,762] Trial 180 pruned. 
[I 2025-03-10 23:12:02,458] Trial 181 pruned. 
[I 2025-03-10 23:12:06,312] Trial 182 pruned. 
[I 2025-03-10 23:12:10,031] Trial 183 pruned. 
[I 2025-03-10 23:12:13,832] Trial 184 pruned. 
[I 2025-03-10 23:12:17,616] Trial 185 pruned. 
[I 2025-03-10 23:12:30,975] Trial 186 pruned. 
[I 2025-03-10 23:12:34,827] Trial 187 pruned. 
[I 2025-03-10 23:12:38,640] Trial 188 pruned. 
[I 2025-03-10 23:12:42,422] Trial 189 pruned. 
[I 2025-03-10 23:12:46,212] Trial 190 pruned. 
[I 2025-03-10 23:12:54,787] Trial 191 pruned. 
[I 2025-03-10 23:13:27,533] Trial 192 pruned. 
[I 2025-03-10 23:13:48,479] Trial 193 pruned. 
[I 2025-03-10 23:13:54,582] Trial 194 pruned. 
[I 2025-03-10 23:14:00,837] Trial 195 pruned. 
[I 2025-03-10 23:14:04,706] Trial 196 pruned. 
[I 2025-03-10 23:14:08,366] Trial 197 pruned. 
[I 2025-03-10 23:14:12,150] Trial 198 pruned. 
[I 2025-03-10 23:14:16,008] Trial 199 pruned. 
