Lmod: loading gcc 8.5.0 
Lmod: loading cuda 11.8 
Mon Mar 10 15:14:16 2025       
+-----------------------------------------------------------------------------------------+
| NVIDIA-SMI 555.42.02              Driver Version: 555.42.02      CUDA Version: 12.5     |
|-----------------------------------------+------------------------+----------------------+
| GPU  Name                 Persistence-M | Bus-Id          Disp.A | Volatile Uncorr. ECC |
| Fan  Temp   Perf          Pwr:Usage/Cap |           Memory-Usage | GPU-Util  Compute M. |
|                                         |                        |               MIG M. |
|=========================================+========================+======================|
|   0  NVIDIA H100 80GB HBM3          On  |   00000000:C6:00.0 Off |                    0 |
| N/A   22C    P0             66W /  700W |       1MiB /  81559MiB |      0%      Default |
|                                         |                        |             Disabled |
+-----------------------------------------+------------------------+----------------------+
                                                                                         
+-----------------------------------------------------------------------------------------+
| Processes:                                                                              |
|  GPU   GI   CI        PID   Type   Process name                              GPU Memory |
|        ID   ID                                                               Usage      |
|=========================================================================================|
|  No running processes found                                                             |
+-----------------------------------------------------------------------------------------+
[I 2025-03-10 15:14:34,251] A new study created in memory with name: no-name-8ef506b1-c75a-429f-b5ae-2ccee6f9c646
/work/home/ng66sume/MasterThesis/Scripts/FNN_V5.1/master_hyperparameter.py:180: FutureWarning: suggest_uniform has been deprecated in v3.0.0. This feature will be removed in v6.0.0. See https://github.com/optuna/optuna/releases/tag/v3.0.0. Use suggest_float instead.
  dropout_rate = trial.suggest_uniform("dropout_rate", 0.0, 0.5)
/work/home/ng66sume/MasterThesis/Scripts/FNN_V5.1/master_hyperparameter.py:181: FutureWarning: suggest_loguniform has been deprecated in v3.0.0. This feature will be removed in v6.0.0. See https://github.com/optuna/optuna/releases/tag/v3.0.0. Use suggest_float(..., log=True) instead.
  learning_rate = trial.suggest_loguniform("lr", 1e-5, 1e-2)
/work/home/ng66sume/MasterThesis/Scripts/FNN_V5.1/master_hyperparameter.py:182: FutureWarning: suggest_loguniform has been deprecated in v3.0.0. This feature will be removed in v6.0.0. See https://github.com/optuna/optuna/releases/tag/v3.0.0. Use suggest_float(..., log=True) instead.
  weight_decay = trial.suggest_loguniform("weight_decay", 1e-6, 1e-2)
/work/home/ng66sume/MasterThesis/Scripts/FNN_V5.1/master_hyperparameter.py:186: FutureWarning: suggest_uniform has been deprecated in v3.0.0. This feature will be removed in v6.0.0. See https://github.com/optuna/optuna/releases/tag/v3.0.0. Use suggest_float instead.
  w_levelset = trial.suggest_uniform("w_levelset", 0, 1.0)
/work/home/ng66sume/MasterThesis/Scripts/FNN_V5.1/master_hyperparameter.py:187: FutureWarning: suggest_uniform has been deprecated in v3.0.0. This feature will be removed in v6.0.0. See https://github.com/optuna/optuna/releases/tag/v3.0.0. Use suggest_float instead.
  w_separation = trial.suggest_uniform("w_separation", 0, 1.0)
/work/home/ng66sume/MasterThesis/Scripts/FNN_V5.1/master_hyperparameter.py:188: FutureWarning: suggest_uniform has been deprecated in v3.0.0. This feature will be removed in v6.0.0. See https://github.com/optuna/optuna/releases/tag/v3.0.0. Use suggest_float instead.
  threshold_factor = trial.suggest_uniform("threshold_factor", 0, 0.2)
/work/home/ng66sume/MasterThesis/Scripts/FNN_V5.1/multidataloader_fnn.py:38: FutureWarning: You are using `torch.load` with `weights_only=False` (the current default value), which uses the default pickle module implicitly. It is possible to construct malicious pickle data which will execute arbitrary code during unpickling (See https://github.com/pytorch/pytorch/blob/main/SECURITY.md#untrusted-models for more details). In a future release, the default value for `weights_only` will be flipped to `True`. This limits the functions that could be executed during unpickling. Arbitrary objects will no longer be allowed to be loaded via this mode unless they are explicitly allowlisted by the user via `torch.serialization.add_safe_globals`. We recommend you start setting `weights_only=True` for any use case where you don't have full control of the loaded file. Please open an issue on GitHub for any issues related to this experimental feature.
  chunk_data = torch.load(chunk_file)
/home/ng66sume/miniconda3/envs/env3/lib/python3.9/site-packages/torch/optim/lr_scheduler.py:62: UserWarning: The verbose parameter is deprecated. Please use get_last_lr() to access the learning rate.
  warnings.warn(
[I 2025-03-10 15:26:11,612] Trial 0 finished with value: 0.6989447474479675 and parameters: {'num_shared_layers': 4, 'hidden_dim': 1024, 'output_dim': 1024, 'max_output_len': 16, 'dropout_rate': 0.47996048435271965, 'lr': 0.005000680020323008, 'weight_decay': 1.557112821552188e-06, 'batch_size': 1024, 'w_levelset': 0.009123591215217997, 'w_separation': 0.4557441965603155, 'threshold_factor': 0.1613628652258816}. Best is trial 0 with value: 0.6989447474479675.
/work/home/ng66sume/MasterThesis/Scripts/FNN_V5.1/master_hyperparameter.py:180: FutureWarning: suggest_uniform has been deprecated in v3.0.0. This feature will be removed in v6.0.0. See https://github.com/optuna/optuna/releases/tag/v3.0.0. Use suggest_float instead.
  dropout_rate = trial.suggest_uniform("dropout_rate", 0.0, 0.5)
/work/home/ng66sume/MasterThesis/Scripts/FNN_V5.1/master_hyperparameter.py:181: FutureWarning: suggest_loguniform has been deprecated in v3.0.0. This feature will be removed in v6.0.0. See https://github.com/optuna/optuna/releases/tag/v3.0.0. Use suggest_float(..., log=True) instead.
  learning_rate = trial.suggest_loguniform("lr", 1e-5, 1e-2)
/work/home/ng66sume/MasterThesis/Scripts/FNN_V5.1/master_hyperparameter.py:182: FutureWarning: suggest_loguniform has been deprecated in v3.0.0. This feature will be removed in v6.0.0. See https://github.com/optuna/optuna/releases/tag/v3.0.0. Use suggest_float(..., log=True) instead.
  weight_decay = trial.suggest_loguniform("weight_decay", 1e-6, 1e-2)
/work/home/ng66sume/MasterThesis/Scripts/FNN_V5.1/master_hyperparameter.py:186: FutureWarning: suggest_uniform has been deprecated in v3.0.0. This feature will be removed in v6.0.0. See https://github.com/optuna/optuna/releases/tag/v3.0.0. Use suggest_float instead.
  w_levelset = trial.suggest_uniform("w_levelset", 0, 1.0)
/work/home/ng66sume/MasterThesis/Scripts/FNN_V5.1/master_hyperparameter.py:187: FutureWarning: suggest_uniform has been deprecated in v3.0.0. This feature will be removed in v6.0.0. See https://github.com/optuna/optuna/releases/tag/v3.0.0. Use suggest_float instead.
  w_separation = trial.suggest_uniform("w_separation", 0, 1.0)
/work/home/ng66sume/MasterThesis/Scripts/FNN_V5.1/master_hyperparameter.py:188: FutureWarning: suggest_uniform has been deprecated in v3.0.0. This feature will be removed in v6.0.0. See https://github.com/optuna/optuna/releases/tag/v3.0.0. Use suggest_float instead.
  threshold_factor = trial.suggest_uniform("threshold_factor", 0, 0.2)
[I 2025-03-10 15:38:30,202] Trial 1 finished with value: 3.7958145141601562 and parameters: {'num_shared_layers': 7, 'hidden_dim': 512, 'output_dim': 512, 'max_output_len': 16, 'dropout_rate': 0.38645968181913903, 'lr': 0.008806964323664861, 'weight_decay': 2.509662373385194e-06, 'batch_size': 1024, 'w_levelset': 0.7729653391832936, 'w_separation': 0.6578758296582368, 'threshold_factor': 0.01727089770759156}. Best is trial 0 with value: 0.6989447474479675.
[I 2025-03-10 15:50:17,681] Trial 2 finished with value: 0.15463361995560782 and parameters: {'num_shared_layers': 4, 'hidden_dim': 256, 'output_dim': 1024, 'max_output_len': 64, 'dropout_rate': 0.3463727087969448, 'lr': 2.2094529051325012e-05, 'weight_decay': 0.00032955442184162925, 'batch_size': 256, 'w_levelset': 0.9429406980225924, 'w_separation': 0.7626289498450993, 'threshold_factor': 0.024291799614787713}. Best is trial 2 with value: 0.15463361995560782.
[I 2025-03-10 16:02:42,488] Trial 3 finished with value: 0.17201809585094452 and parameters: {'num_shared_layers': 1, 'hidden_dim': 512, 'output_dim': 256, 'max_output_len': 16, 'dropout_rate': 0.171742479961225, 'lr': 1.3653006038043136e-05, 'weight_decay': 6.819697473191784e-06, 'batch_size': 1024, 'w_levelset': 0.3958632336401883, 'w_separation': 0.5842559429104313, 'threshold_factor': 0.10361677148524484}. Best is trial 2 with value: 0.15463361995560782.
[I 2025-03-10 16:14:52,701] Trial 4 finished with value: 0.10311715118587017 and parameters: {'num_shared_layers': 6, 'hidden_dim': 512, 'output_dim': 1024, 'max_output_len': 64, 'dropout_rate': 0.21250525512173057, 'lr': 1.6575411891005525e-05, 'weight_decay': 1.749291719383043e-05, 'batch_size': 512, 'w_levelset': 0.6612196196030602, 'w_separation': 0.04776090855890647, 'threshold_factor': 0.08381464166555033}. Best is trial 4 with value: 0.10311715118587017.
[I 2025-03-10 16:27:19,467] Trial 5 finished with value: 0.0026237424463033676 and parameters: {'num_shared_layers': 3, 'hidden_dim': 128, 'output_dim': 1024, 'max_output_len': 16, 'dropout_rate': 0.023052247642181112, 'lr': 0.0022147568946401805, 'weight_decay': 7.786861870863201e-05, 'batch_size': 1024, 'w_levelset': 0.9727833826031416, 'w_separation': 0.34333643004126113, 'threshold_factor': 0.02370221743541572}. Best is trial 5 with value: 0.0026237424463033676.
[I 2025-03-10 16:27:33,029] Trial 6 pruned. 
[I 2025-03-10 16:40:03,007] Trial 7 finished with value: 0.006636672653257847 and parameters: {'num_shared_layers': 3, 'hidden_dim': 256, 'output_dim': 512, 'max_output_len': 32, 'dropout_rate': 0.45489997443616603, 'lr': 0.002271606252600788, 'weight_decay': 7.71669166802564e-06, 'batch_size': 1024, 'w_levelset': 0.9530830830457457, 'w_separation': 0.9629333864044562, 'threshold_factor': 0.002477522599378679}. Best is trial 5 with value: 0.0026237424463033676.
[I 2025-03-10 16:40:06,708] Trial 8 pruned. 
[I 2025-03-10 16:51:58,673] Trial 9 finished with value: 0.0045447008950369695 and parameters: {'num_shared_layers': 3, 'hidden_dim': 256, 'output_dim': 1024, 'max_output_len': 16, 'dropout_rate': 0.4609453469118813, 'lr': 0.003299991645000285, 'weight_decay': 1.8187687067573271e-06, 'batch_size': 256, 'w_levelset': 0.267091612544468, 'w_separation': 0.7809976641937142, 'threshold_factor': 0.11181116335432106}. Best is trial 5 with value: 0.0026237424463033676.
[I 2025-03-10 16:52:11,747] Trial 10 pruned. 
[I 2025-03-10 17:04:10,744] Trial 11 finished with value: 0.001391460482929168 and parameters: {'num_shared_layers': 2, 'hidden_dim': 2048, 'output_dim': 1024, 'max_output_len': 16, 'dropout_rate': 0.0015931587193090402, 'lr': 0.0009038243970396367, 'weight_decay': 0.0006990858323495662, 'batch_size': 256, 'w_levelset': 0.3442379505084726, 'w_separation': 0.9168041609381445, 'threshold_factor': 0.12441140312926517}. Best is trial 11 with value: 0.001391460482929168.
[I 2025-03-10 17:15:56,294] Trial 12 finished with value: 0.004944291423141424 and parameters: {'num_shared_layers': 1, 'hidden_dim': 2048, 'output_dim': 1024, 'max_output_len': 16, 'dropout_rate': 0.0074283807261865675, 'lr': 0.0006582163818999682, 'weight_decay': 0.0008318634828811184, 'batch_size': 256, 'w_levelset': 0.41054758523531576, 'w_separation': 0.9731208452999056, 'threshold_factor': 0.18195161966524442}. Best is trial 11 with value: 0.001391460482929168.
[I 2025-03-10 17:27:56,273] Trial 13 finished with value: 0.00047408807482237795 and parameters: {'num_shared_layers': 2, 'hidden_dim': 2048, 'output_dim': 1024, 'max_output_len': 16, 'dropout_rate': 0.0718234340555636, 'lr': 0.0011613889975379944, 'weight_decay': 4.4359740700614145e-05, 'batch_size': 256, 'w_levelset': 0.18807797869620801, 'w_separation': 0.16637744138986665, 'threshold_factor': 0.05444905667042478}. Best is trial 13 with value: 0.00047408807482237795.
[I 2025-03-10 17:28:00,011] Trial 14 pruned. 
[I 2025-03-10 17:28:03,688] Trial 15 pruned. 
[I 2025-03-10 17:28:07,609] Trial 16 pruned. 
[I 2025-03-10 17:28:11,490] Trial 17 pruned. 
[I 2025-03-10 17:28:15,170] Trial 18 pruned. 
[I 2025-03-10 17:28:19,000] Trial 19 pruned. 
[I 2025-03-10 17:28:22,911] Trial 20 pruned. 
[I 2025-03-10 17:28:26,567] Trial 21 pruned. 
[I 2025-03-10 17:28:30,353] Trial 22 pruned. 
[I 2025-03-10 17:28:33,934] Trial 23 pruned. 
[I 2025-03-10 17:40:35,238] Trial 24 finished with value: 0.0032297938263842036 and parameters: {'num_shared_layers': 3, 'hidden_dim': 128, 'output_dim': 1024, 'max_output_len': 16, 'dropout_rate': 0.1264265199149962, 'lr': 0.008037691436921499, 'weight_decay': 2.1897823919911725e-05, 'batch_size': 256, 'w_levelset': 0.48586424083345386, 'w_separation': 0.36424830949764614, 'threshold_factor': 0.0753550958455142}. Best is trial 13 with value: 0.00047408807482237795.
[I 2025-03-10 17:42:18,707] Trial 25 pruned. 
[I 2025-03-10 17:54:21,134] Trial 26 finished with value: 0.001413816785705941 and parameters: {'num_shared_layers': 2, 'hidden_dim': 1024, 'output_dim': 1024, 'max_output_len': 16, 'dropout_rate': 0.08068923616708935, 'lr': 0.004894287369944318, 'weight_decay': 0.0006762848978865583, 'batch_size': 256, 'w_levelset': 0.6351696405430447, 'w_separation': 0.09236750373597628, 'threshold_factor': 0.09584029388479176}. Best is trial 13 with value: 0.00047408807482237795.
[I 2025-03-10 17:58:34,731] Trial 27 pruned. 
[I 2025-03-10 17:58:38,386] Trial 28 pruned. 
[I 2025-03-10 17:58:42,150] Trial 29 pruned. 
[I 2025-03-10 17:58:45,922] Trial 30 pruned. 
[I 2025-03-10 17:58:49,680] Trial 31 pruned. 
[I 2025-03-10 18:11:01,930] Trial 32 finished with value: 0.0005282980502150687 and parameters: {'num_shared_layers': 2, 'hidden_dim': 1024, 'output_dim': 1024, 'max_output_len': 16, 'dropout_rate': 0.03659276026213238, 'lr': 0.0017837083184979081, 'weight_decay': 0.0006692866573641639, 'batch_size': 256, 'w_levelset': 0.21678985482940435, 'w_separation': 0.4061294264330645, 'threshold_factor': 0.0945116518839516}. Best is trial 13 with value: 0.00047408807482237795.
[I 2025-03-10 18:11:05,513] Trial 33 pruned. 
[I 2025-03-10 18:23:02,197] Trial 34 finished with value: 0.0025530444192034857 and parameters: {'num_shared_layers': 1, 'hidden_dim': 1024, 'output_dim': 1024, 'max_output_len': 16, 'dropout_rate': 0.13136713697222174, 'lr': 0.0013327884174453295, 'weight_decay': 0.002220360687792863, 'batch_size': 256, 'w_levelset': 0.2394445273402675, 'w_separation': 0.7079924590379798, 'threshold_factor': 0.0955617851190944}. Best is trial 13 with value: 0.00047408807482237795.
[I 2025-03-10 18:23:05,771] Trial 35 pruned. 
[I 2025-03-10 18:23:09,455] Trial 36 pruned. 
[I 2025-03-10 18:23:13,181] Trial 37 pruned. 
[I 2025-03-10 18:23:21,522] Trial 38 pruned. 
[I 2025-03-10 18:23:25,146] Trial 39 pruned. 
[I 2025-03-10 18:23:28,805] Trial 40 pruned. 
[I 2025-03-10 18:23:32,464] Trial 41 pruned. 
[I 2025-03-10 18:24:55,451] Trial 42 pruned. 
[I 2025-03-10 18:36:43,229] Trial 43 finished with value: 0.0010074065607373736 and parameters: {'num_shared_layers': 2, 'hidden_dim': 1024, 'output_dim': 1024, 'max_output_len': 16, 'dropout_rate': 0.021178819646295456, 'lr': 0.001365843784312657, 'weight_decay': 0.0007874354145641782, 'batch_size': 256, 'w_levelset': 0.30782497392862457, 'w_separation': 0.7653943925399038, 'threshold_factor': 0.08009556918403903}. Best is trial 13 with value: 0.00047408807482237795.
[I 2025-03-10 18:36:46,869] Trial 44 pruned. 
[I 2025-03-10 18:36:50,742] Trial 45 pruned. 
[I 2025-03-10 18:36:54,398] Trial 46 pruned. 
[I 2025-03-10 18:36:58,108] Trial 47 pruned. 
[I 2025-03-10 18:37:01,862] Trial 48 pruned. 
[I 2025-03-10 18:37:05,455] Trial 49 pruned. 
[I 2025-03-10 18:37:13,916] Trial 50 pruned. 
[I 2025-03-10 18:37:17,487] Trial 51 pruned. 
[I 2025-03-10 18:37:53,980] Trial 52 pruned. 
[I 2025-03-10 18:37:57,515] Trial 53 pruned. 
[I 2025-03-10 18:50:00,318] Trial 54 finished with value: 0.00048064897834722487 and parameters: {'num_shared_layers': 2, 'hidden_dim': 1024, 'output_dim': 1024, 'max_output_len': 16, 'dropout_rate': 0.04563265178033974, 'lr': 0.001723756373763693, 'weight_decay': 0.0006664789806703576, 'batch_size': 256, 'w_levelset': 0.21155765382238303, 'w_separation': 0.7056662250333785, 'threshold_factor': 0.11538291190414408}. Best is trial 13 with value: 0.00047408807482237795.
[I 2025-03-10 18:50:08,715] Trial 55 pruned. 
[I 2025-03-10 18:50:17,215] Trial 56 pruned. 
[I 2025-03-10 18:50:20,875] Trial 57 pruned. 
[I 2025-03-10 18:50:24,718] Trial 58 pruned. 
[I 2025-03-10 18:50:35,705] Trial 59 pruned. 
[I 2025-03-10 18:50:39,408] Trial 60 pruned. 
[I 2025-03-10 18:50:43,294] Trial 61 pruned. 
[I 2025-03-10 18:50:46,897] Trial 62 pruned. 
[I 2025-03-10 19:02:48,429] Trial 63 finished with value: 0.0006903141849241885 and parameters: {'num_shared_layers': 2, 'hidden_dim': 1024, 'output_dim': 1024, 'max_output_len': 16, 'dropout_rate': 0.036948651438765176, 'lr': 0.0012024803775002506, 'weight_decay': 0.0038891452148826665, 'batch_size': 256, 'w_levelset': 0.24175353283656384, 'w_separation': 0.6517410778323588, 'threshold_factor': 0.10542374139809915}. Best is trial 13 with value: 0.00047408807482237795.
[I 2025-03-10 19:02:56,804] Trial 64 pruned. 
[I 2025-03-10 19:03:11,556] Trial 65 pruned. 
[I 2025-03-10 19:03:25,156] Trial 66 pruned. 
[I 2025-03-10 19:03:28,868] Trial 67 pruned. 
[I 2025-03-10 19:03:32,704] Trial 68 pruned. 
[I 2025-03-10 19:03:36,363] Trial 69 pruned. 
[I 2025-03-10 19:03:45,025] Trial 70 pruned. 
[I 2025-03-10 19:03:48,787] Trial 71 pruned. 
[I 2025-03-10 19:15:42,551] Trial 72 finished with value: 0.0010212038469035178 and parameters: {'num_shared_layers': 2, 'hidden_dim': 1024, 'output_dim': 1024, 'max_output_len': 16, 'dropout_rate': 0.09229461284203855, 'lr': 0.0014143058453569483, 'weight_decay': 0.005252979332960514, 'batch_size': 256, 'w_levelset': 0.24839169291672897, 'w_separation': 0.6708839073329809, 'threshold_factor': 0.09389019693781772}. Best is trial 13 with value: 0.00047408807482237795.
[I 2025-03-10 19:27:27,293] Trial 73 finished with value: 0.002224021133900221 and parameters: {'num_shared_layers': 2, 'hidden_dim': 1024, 'output_dim': 1024, 'max_output_len': 16, 'dropout_rate': 0.09162789510754574, 'lr': 0.0033101578018970576, 'weight_decay': 0.004123985248356322, 'batch_size': 256, 'w_levelset': 0.29650736460770066, 'w_separation': 0.1287444982971107, 'threshold_factor': 0.10568107374293592}. Best is trial 13 with value: 0.00047408807482237795.
[I 2025-03-10 19:39:26,809] Trial 74 finished with value: 0.0008531085830847067 and parameters: {'num_shared_layers': 2, 'hidden_dim': 1024, 'output_dim': 1024, 'max_output_len': 16, 'dropout_rate': 0.05622406248219366, 'lr': 0.0017002474362278247, 'weight_decay': 0.005007626740213921, 'batch_size': 256, 'w_levelset': 0.20165941854073716, 'w_separation': 0.6297297867365739, 'threshold_factor': 0.13073691425074707}. Best is trial 13 with value: 0.00047408807482237795.
[I 2025-03-10 19:39:32,910] Trial 75 pruned. 
[I 2025-03-10 19:39:36,705] Trial 76 pruned. 
[I 2025-03-10 19:39:40,333] Trial 77 pruned. 
[I 2025-03-10 19:39:44,169] Trial 78 pruned. 
[I 2025-03-10 19:39:47,969] Trial 79 pruned. 
[I 2025-03-10 19:39:51,709] Trial 80 pruned. 
[I 2025-03-10 19:51:47,782] Trial 81 finished with value: 0.0013710614065140752 and parameters: {'num_shared_layers': 2, 'hidden_dim': 1024, 'output_dim': 1024, 'max_output_len': 16, 'dropout_rate': 0.07893562836389241, 'lr': 0.001680035943606515, 'weight_decay': 0.0006760929039527883, 'batch_size': 256, 'w_levelset': 0.23535138528264024, 'w_separation': 0.7571584628189028, 'threshold_factor': 0.09237039450133167}. Best is trial 13 with value: 0.00047408807482237795.
[I 2025-03-10 19:51:53,702] Trial 82 pruned. 
[I 2025-03-10 19:51:59,815] Trial 83 pruned. 
[I 2025-03-10 19:52:03,600] Trial 84 pruned. 
[I 2025-03-10 19:52:07,329] Trial 85 pruned. 
[I 2025-03-10 19:52:13,320] Trial 86 pruned. 
[I 2025-03-10 19:52:17,006] Trial 87 pruned. 
[I 2025-03-10 20:04:21,705] Trial 88 finished with value: 0.0017707307748163917 and parameters: {'num_shared_layers': 2, 'hidden_dim': 1024, 'output_dim': 512, 'max_output_len': 16, 'dropout_rate': 0.041494273909997284, 'lr': 0.0038695873479312067, 'weight_decay': 0.0029479443518937378, 'batch_size': 256, 'w_levelset': 0.32348010929326987, 'w_separation': 0.5927852993786973, 'threshold_factor': 0.08640104689436223}. Best is trial 13 with value: 0.00047408807482237795.
[I 2025-03-10 20:04:27,933] Trial 89 pruned. 
[I 2025-03-10 20:04:34,232] Trial 90 pruned. 
[I 2025-03-10 20:16:37,725] Trial 91 finished with value: 0.0011355890726138438 and parameters: {'num_shared_layers': 2, 'hidden_dim': 1024, 'output_dim': 1024, 'max_output_len': 16, 'dropout_rate': 0.07188786133458794, 'lr': 0.005556988710856084, 'weight_decay': 0.0007163583734379334, 'batch_size': 256, 'w_levelset': 0.26143234098199614, 'w_separation': 0.030920466623619754, 'threshold_factor': 0.09735480216908543}. Best is trial 13 with value: 0.00047408807482237795.
[I 2025-03-10 20:16:41,553] Trial 92 pruned. 
[I 2025-03-10 20:16:50,030] Trial 93 pruned. 
[I 2025-03-10 20:16:53,836] Trial 94 pruned. 
[I 2025-03-10 20:16:59,929] Trial 95 pruned. 
[I 2025-03-10 20:17:03,750] Trial 96 pruned. 
[I 2025-03-10 20:17:07,372] Trial 97 pruned. 
[I 2025-03-10 20:17:11,140] Trial 98 pruned. 
[I 2025-03-10 20:17:22,205] Trial 99 pruned. 
